<?xml version="1.0" encoding="UTF-8"?>
<testsuite name="com.uber.cadence.samples.hello.HelloPeriodicTest" tests="2" skipped="0" failures="0" errors="0" timestamp="2025-05-21T04:40:24" hostname="Alexiss-MacBook-Pro.local" time="0.117">
  <properties/>
  <testcase name="testPeriodicActivityInvocation" classname="com.uber.cadence.samples.hello.HelloPeriodicTest" time="0.066"/>
  <testcase name="testMockedActivity" classname="com.uber.cadence.samples.hello.HelloPeriodicTest" time="0.051"/>
  <system-out><![CDATA[From WorkflowExecution(workflowId:HelloPeriodic, runId:757f4891-8727-4e6b-9ea6-844b5769076f): Hello World!
From WorkflowExecution(workflowId:HelloPeriodic, runId:757f4891-8727-4e6b-9ea6-844b5769076f): Hello World!
From WorkflowExecution(workflowId:HelloPeriodic, runId:757f4891-8727-4e6b-9ea6-844b5769076f): Hello World!
From WorkflowExecution(workflowId:HelloPeriodic, runId:757f4891-8727-4e6b-9ea6-844b5769076f): Hello World!
From WorkflowExecution(workflowId:HelloPeriodic, runId:757f4891-8727-4e6b-9ea6-844b5769076f): Hello World!
From WorkflowExecution(workflowId:HelloPeriodic, runId:757f4891-8727-4e6b-9ea6-844b5769076f): Hello World!
From WorkflowExecution(workflowId:HelloPeriodic, runId:757f4891-8727-4e6b-9ea6-844b5769076f): Hello World!
From WorkflowExecution(workflowId:HelloPeriodic, runId:757f4891-8727-4e6b-9ea6-844b5769076f): Hello World!
From WorkflowExecution(workflowId:HelloPeriodic, runId:757f4891-8727-4e6b-9ea6-844b5769076f): Hello World!
From WorkflowExecution(workflowId:HelloPeriodic, runId:757f4891-8727-4e6b-9ea6-844b5769076f): Hello World!
From WorkflowExecution(workflowId:HelloPeriodic, runId:ca090ab9-426b-4159-8074-e82671d99d21): Hello World!
21:40:24.797 [Timer task] ERROR c.u.c.i.t.TestWorkflowMutableStateImpl - Failure trying to timeout a decision scheduledEventId=13
com.uber.cadence.WorkflowExecutionAlreadyCompletedError: Workflow is already completed: CONTINUED_AS_NEW
	at com.uber.cadence.internal.testservice.TestWorkflowMutableStateImpl.checkCompleted(TestWorkflowMutableStateImpl.java:1246)
	at com.uber.cadence.internal.testservice.TestWorkflowMutableStateImpl.update(TestWorkflowMutableStateImpl.java:231)
	at com.uber.cadence.internal.testservice.TestWorkflowMutableStateImpl.completeDecisionUpdate(TestWorkflowMutableStateImpl.java:220)
	at com.uber.cadence.internal.testservice.TestWorkflowMutableStateImpl.timeoutDecisionTask(TestWorkflowMutableStateImpl.java:749)
	at com.uber.cadence.internal.testservice.TestWorkflowMutableStateImpl.lambda$startDecisionTask$0(TestWorkflowMutableStateImpl.java:320)
	at com.uber.cadence.internal.testservice.SelfAdvancingTimerImpl$TimerPump.lambda$runLocked$0(SelfAdvancingTimerImpl.java:99)
	at java.base/java.util.concurrent.ThreadPoolExecutor.runWorker(ThreadPoolExecutor.java:1128)
	at java.base/java.util.concurrent.ThreadPoolExecutor$Worker.run(ThreadPoolExecutor.java:628)
	at java.base/java.lang.Thread.run(Thread.java:829)
21:40:24.797 [Timer task] ERROR c.u.c.i.t.TestWorkflowMutableStateImpl - Failure trying to timeout a decision scheduledEventId=19
com.uber.cadence.WorkflowExecutionAlreadyCompletedError: Workflow is already completed: CONTINUED_AS_NEW
	at com.uber.cadence.internal.testservice.TestWorkflowMutableStateImpl.checkCompleted(TestWorkflowMutableStateImpl.java:1246)
	at com.uber.cadence.internal.testservice.TestWorkflowMutableStateImpl.update(TestWorkflowMutableStateImpl.java:231)
	at com.uber.cadence.internal.testservice.TestWorkflowMutableStateImpl.completeDecisionUpdate(TestWorkflowMutableStateImpl.java:220)
	at com.uber.cadence.internal.testservice.TestWorkflowMutableStateImpl.timeoutDecisionTask(TestWorkflowMutableStateImpl.java:749)
	at com.uber.cadence.internal.testservice.TestWorkflowMutableStateImpl.lambda$startDecisionTask$0(TestWorkflowMutableStateImpl.java:320)
	at com.uber.cadence.internal.testservice.SelfAdvancingTimerImpl$TimerPump.lambda$runLocked$0(SelfAdvancingTimerImpl.java:99)
	at java.base/java.util.concurrent.ThreadPoolExecutor.runWorker(ThreadPoolExecutor.java:1128)
	at java.base/java.util.concurrent.ThreadPoolExecutor$Worker.run(ThreadPoolExecutor.java:628)
	at java.base/java.lang.Thread.run(Thread.java:829)
From WorkflowExecution(workflowId:HelloPeriodic, runId:ca090ab9-426b-4159-8074-e82671d99d21): Hello World!
21:40:24.798 [Timer task] ERROR c.u.c.i.t.TestWorkflowMutableStateImpl - Failure trying to timeout a decision scheduledEventId=24
com.uber.cadence.WorkflowExecutionAlreadyCompletedError: Workflow is already completed: CONTINUED_AS_NEW
	at com.uber.cadence.internal.testservice.TestWorkflowMutableStateImpl.checkCompleted(TestWorkflowMutableStateImpl.java:1246)
	at com.uber.cadence.internal.testservice.TestWorkflowMutableStateImpl.update(TestWorkflowMutableStateImpl.java:231)
	at com.uber.cadence.internal.testservice.TestWorkflowMutableStateImpl.completeDecisionUpdate(TestWorkflowMutableStateImpl.java:220)
	at com.uber.cadence.internal.testservice.TestWorkflowMutableStateImpl.timeoutDecisionTask(TestWorkflowMutableStateImpl.java:749)
	at com.uber.cadence.internal.testservice.TestWorkflowMutableStateImpl.lambda$startDecisionTask$0(TestWorkflowMutableStateImpl.java:320)
	at com.uber.cadence.internal.testservice.SelfAdvancingTimerImpl$TimerPump.lambda$runLocked$0(SelfAdvancingTimerImpl.java:99)
	at java.base/java.util.concurrent.ThreadPoolExecutor.runWorker(ThreadPoolExecutor.java:1128)
	at java.base/java.util.concurrent.ThreadPoolExecutor$Worker.run(ThreadPoolExecutor.java:628)
	at java.base/java.lang.Thread.run(Thread.java:829)
21:40:24.798 [Timer task] ERROR c.u.c.i.t.TestWorkflowMutableStateImpl - Failure trying to timeout a decision scheduledEventId=30
com.uber.cadence.WorkflowExecutionAlreadyCompletedError: Workflow is already completed: CONTINUED_AS_NEW
	at com.uber.cadence.internal.testservice.TestWorkflowMutableStateImpl.checkCompleted(TestWorkflowMutableStateImpl.java:1246)
	at com.uber.cadence.internal.testservice.TestWorkflowMutableStateImpl.update(TestWorkflowMutableStateImpl.java:231)
	at com.uber.cadence.internal.testservice.TestWorkflowMutableStateImpl.completeDecisionUpdate(TestWorkflowMutableStateImpl.java:220)
	at com.uber.cadence.internal.testservice.TestWorkflowMutableStateImpl.timeoutDecisionTask(TestWorkflowMutableStateImpl.java:749)
	at com.uber.cadence.internal.testservice.TestWorkflowMutableStateImpl.lambda$startDecisionTask$0(TestWorkflowMutableStateImpl.java:320)
	at com.uber.cadence.internal.testservice.SelfAdvancingTimerImpl$TimerPump.lambda$runLocked$0(SelfAdvancingTimerImpl.java:99)
	at java.base/java.util.concurrent.ThreadPoolExecutor.runWorker(ThreadPoolExecutor.java:1128)
	at java.base/java.util.concurrent.ThreadPoolExecutor$Worker.run(ThreadPoolExecutor.java:628)
	at java.base/java.lang.Thread.run(Thread.java:829)
From WorkflowExecution(workflowId:HelloPeriodic, runId:ca090ab9-426b-4159-8074-e82671d99d21): Hello World!
21:40:24.799 [Timer task] ERROR c.u.c.i.t.TestWorkflowMutableStateImpl - Failure trying to timeout a decision scheduledEventId=35
com.uber.cadence.WorkflowExecutionAlreadyCompletedError: Workflow is already completed: CONTINUED_AS_NEW
	at com.uber.cadence.internal.testservice.TestWorkflowMutableStateImpl.checkCompleted(TestWorkflowMutableStateImpl.java:1246)
	at com.uber.cadence.internal.testservice.TestWorkflowMutableStateImpl.update(TestWorkflowMutableStateImpl.java:231)
	at com.uber.cadence.internal.testservice.TestWorkflowMutableStateImpl.completeDecisionUpdate(TestWorkflowMutableStateImpl.java:220)
	at com.uber.cadence.internal.testservice.TestWorkflowMutableStateImpl.timeoutDecisionTask(TestWorkflowMutableStateImpl.java:749)
	at com.uber.cadence.internal.testservice.TestWorkflowMutableStateImpl.lambda$startDecisionTask$0(TestWorkflowMutableStateImpl.java:320)
	at com.uber.cadence.internal.testservice.SelfAdvancingTimerImpl$TimerPump.lambda$runLocked$0(SelfAdvancingTimerImpl.java:99)
	at java.base/java.util.concurrent.ThreadPoolExecutor.runWorker(ThreadPoolExecutor.java:1128)
	at java.base/java.util.concurrent.ThreadPoolExecutor$Worker.run(ThreadPoolExecutor.java:628)
	at java.base/java.lang.Thread.run(Thread.java:829)
21:40:24.799 [Timer task] ERROR c.u.c.i.t.TestWorkflowMutableStateImpl - Failure trying to timeout a decision scheduledEventId=41
com.uber.cadence.WorkflowExecutionAlreadyCompletedError: Workflow is already completed: CONTINUED_AS_NEW
	at com.uber.cadence.internal.testservice.TestWorkflowMutableStateImpl.checkCompleted(TestWorkflowMutableStateImpl.java:1246)
	at com.uber.cadence.internal.testservice.TestWorkflowMutableStateImpl.update(TestWorkflowMutableStateImpl.java:231)
	at com.uber.cadence.internal.testservice.TestWorkflowMutableStateImpl.completeDecisionUpdate(TestWorkflowMutableStateImpl.java:220)
	at com.uber.cadence.internal.testservice.TestWorkflowMutableStateImpl.timeoutDecisionTask(TestWorkflowMutableStateImpl.java:749)
	at com.uber.cadence.internal.testservice.TestWorkflowMutableStateImpl.lambda$startDecisionTask$0(TestWorkflowMutableStateImpl.java:320)
	at com.uber.cadence.internal.testservice.SelfAdvancingTimerImpl$TimerPump.lambda$runLocked$0(SelfAdvancingTimerImpl.java:99)
	at java.base/java.util.concurrent.ThreadPoolExecutor.runWorker(ThreadPoolExecutor.java:1128)
	at java.base/java.util.concurrent.ThreadPoolExecutor$Worker.run(ThreadPoolExecutor.java:628)
	at java.base/java.lang.Thread.run(Thread.java:829)
From WorkflowExecution(workflowId:HelloPeriodic, runId:ca090ab9-426b-4159-8074-e82671d99d21): Hello World!
21:40:24.800 [Timer task] ERROR c.u.c.i.t.TestWorkflowMutableStateImpl - Failure trying to timeout a decision scheduledEventId=46
com.uber.cadence.WorkflowExecutionAlreadyCompletedError: Workflow is already completed: CONTINUED_AS_NEW
	at com.uber.cadence.internal.testservice.TestWorkflowMutableStateImpl.checkCompleted(TestWorkflowMutableStateImpl.java:1246)
	at com.uber.cadence.internal.testservice.TestWorkflowMutableStateImpl.update(TestWorkflowMutableStateImpl.java:231)
	at com.uber.cadence.internal.testservice.TestWorkflowMutableStateImpl.completeDecisionUpdate(TestWorkflowMutableStateImpl.java:220)
	at com.uber.cadence.internal.testservice.TestWorkflowMutableStateImpl.timeoutDecisionTask(TestWorkflowMutableStateImpl.java:749)
	at com.uber.cadence.internal.testservice.TestWorkflowMutableStateImpl.lambda$startDecisionTask$0(TestWorkflowMutableStateImpl.java:320)
	at com.uber.cadence.internal.testservice.SelfAdvancingTimerImpl$TimerPump.lambda$runLocked$0(SelfAdvancingTimerImpl.java:99)
	at java.base/java.util.concurrent.ThreadPoolExecutor.runWorker(ThreadPoolExecutor.java:1128)
	at java.base/java.util.concurrent.ThreadPoolExecutor$Worker.run(ThreadPoolExecutor.java:628)
	at java.base/java.lang.Thread.run(Thread.java:829)
21:40:24.800 [Timer task] ERROR c.u.c.i.t.TestWorkflowMutableStateImpl - Failure trying to timeout a decision scheduledEventId=52
com.uber.cadence.WorkflowExecutionAlreadyCompletedError: Workflow is already completed: CONTINUED_AS_NEW
	at com.uber.cadence.internal.testservice.TestWorkflowMutableStateImpl.checkCompleted(TestWorkflowMutableStateImpl.java:1246)
	at com.uber.cadence.internal.testservice.TestWorkflowMutableStateImpl.update(TestWorkflowMutableStateImpl.java:231)
	at com.uber.cadence.internal.testservice.TestWorkflowMutableStateImpl.completeDecisionUpdate(TestWorkflowMutableStateImpl.java:220)
	at com.uber.cadence.internal.testservice.TestWorkflowMutableStateImpl.timeoutDecisionTask(TestWorkflowMutableStateImpl.java:749)
	at com.uber.cadence.internal.testservice.TestWorkflowMutableStateImpl.lambda$startDecisionTask$0(TestWorkflowMutableStateImpl.java:320)
	at com.uber.cadence.internal.testservice.SelfAdvancingTimerImpl$TimerPump.lambda$runLocked$0(SelfAdvancingTimerImpl.java:99)
	at java.base/java.util.concurrent.ThreadPoolExecutor.runWorker(ThreadPoolExecutor.java:1128)
	at java.base/java.util.concurrent.ThreadPoolExecutor$Worker.run(ThreadPoolExecutor.java:628)
	at java.base/java.lang.Thread.run(Thread.java:829)
From WorkflowExecution(workflowId:HelloPeriodic, runId:ca090ab9-426b-4159-8074-e82671d99d21): Hello World!
21:40:24.801 [Timer task] ERROR c.u.c.i.t.TestWorkflowMutableStateImpl - Failure trying to timeout a decision scheduledEventId=57
com.uber.cadence.WorkflowExecutionAlreadyCompletedError: Workflow is already completed: CONTINUED_AS_NEW
	at com.uber.cadence.internal.testservice.TestWorkflowMutableStateImpl.checkCompleted(TestWorkflowMutableStateImpl.java:1246)
	at com.uber.cadence.internal.testservice.TestWorkflowMutableStateImpl.update(TestWorkflowMutableStateImpl.java:231)
	at com.uber.cadence.internal.testservice.TestWorkflowMutableStateImpl.completeDecisionUpdate(TestWorkflowMutableStateImpl.java:220)
	at com.uber.cadence.internal.testservice.TestWorkflowMutableStateImpl.timeoutDecisionTask(TestWorkflowMutableStateImpl.java:749)
	at com.uber.cadence.internal.testservice.TestWorkflowMutableStateImpl.lambda$startDecisionTask$0(TestWorkflowMutableStateImpl.java:320)
	at com.uber.cadence.internal.testservice.SelfAdvancingTimerImpl$TimerPump.lambda$runLocked$0(SelfAdvancingTimerImpl.java:99)
	at java.base/java.util.concurrent.ThreadPoolExecutor.runWorker(ThreadPoolExecutor.java:1128)
	at java.base/java.util.concurrent.ThreadPoolExecutor$Worker.run(ThreadPoolExecutor.java:628)
	at java.base/java.lang.Thread.run(Thread.java:829)
21:40:24.801 [Timer task] ERROR c.u.c.i.t.TestWorkflowMutableStateImpl - Failure trying to timeout a decision scheduledEventId=63
com.uber.cadence.WorkflowExecutionAlreadyCompletedError: Workflow is already completed: CONTINUED_AS_NEW
	at com.uber.cadence.internal.testservice.TestWorkflowMutableStateImpl.checkCompleted(TestWorkflowMutableStateImpl.java:1246)
	at com.uber.cadence.internal.testservice.TestWorkflowMutableStateImpl.update(TestWorkflowMutableStateImpl.java:231)
	at com.uber.cadence.internal.testservice.TestWorkflowMutableStateImpl.completeDecisionUpdate(TestWorkflowMutableStateImpl.java:220)
	at com.uber.cadence.internal.testservice.TestWorkflowMutableStateImpl.timeoutDecisionTask(TestWorkflowMutableStateImpl.java:749)
	at com.uber.cadence.internal.testservice.TestWorkflowMutableStateImpl.lambda$startDecisionTask$0(TestWorkflowMutableStateImpl.java:320)
	at com.uber.cadence.internal.testservice.SelfAdvancingTimerImpl$TimerPump.lambda$runLocked$0(SelfAdvancingTimerImpl.java:99)
	at java.base/java.util.concurrent.ThreadPoolExecutor.runWorker(ThreadPoolExecutor.java:1128)
	at java.base/java.util.concurrent.ThreadPoolExecutor$Worker.run(ThreadPoolExecutor.java:628)
	at java.base/java.lang.Thread.run(Thread.java:829)
From WorkflowExecution(workflowId:HelloPeriodic, runId:ca090ab9-426b-4159-8074-e82671d99d21): Hello World!
21:40:24.802 [Timer task] ERROR c.u.c.i.t.TestWorkflowMutableStateImpl - Failure trying to timeout a decision scheduledEventId=68
com.uber.cadence.WorkflowExecutionAlreadyCompletedError: Workflow is already completed: CONTINUED_AS_NEW
	at com.uber.cadence.internal.testservice.TestWorkflowMutableStateImpl.checkCompleted(TestWorkflowMutableStateImpl.java:1246)
	at com.uber.cadence.internal.testservice.TestWorkflowMutableStateImpl.update(TestWorkflowMutableStateImpl.java:231)
	at com.uber.cadence.internal.testservice.TestWorkflowMutableStateImpl.completeDecisionUpdate(TestWorkflowMutableStateImpl.java:220)
	at com.uber.cadence.internal.testservice.TestWorkflowMutableStateImpl.timeoutDecisionTask(TestWorkflowMutableStateImpl.java:749)
	at com.uber.cadence.internal.testservice.TestWorkflowMutableStateImpl.lambda$startDecisionTask$0(TestWorkflowMutableStateImpl.java:320)
	at com.uber.cadence.internal.testservice.SelfAdvancingTimerImpl$TimerPump.lambda$runLocked$0(SelfAdvancingTimerImpl.java:99)
	at java.base/java.util.concurrent.ThreadPoolExecutor.runWorker(ThreadPoolExecutor.java:1128)
	at java.base/java.util.concurrent.ThreadPoolExecutor$Worker.run(ThreadPoolExecutor.java:628)
	at java.base/java.lang.Thread.run(Thread.java:829)
21:40:24.802 [Timer task] ERROR c.u.c.i.t.TestWorkflowMutableStateImpl - Failure trying to timeout a decision scheduledEventId=74
com.uber.cadence.WorkflowExecutionAlreadyCompletedError: Workflow is already completed: CONTINUED_AS_NEW
	at com.uber.cadence.internal.testservice.TestWorkflowMutableStateImpl.checkCompleted(TestWorkflowMutableStateImpl.java:1246)
	at com.uber.cadence.internal.testservice.TestWorkflowMutableStateImpl.update(TestWorkflowMutableStateImpl.java:231)
	at com.uber.cadence.internal.testservice.TestWorkflowMutableStateImpl.completeDecisionUpdate(TestWorkflowMutableStateImpl.java:220)
	at com.uber.cadence.internal.testservice.TestWorkflowMutableStateImpl.timeoutDecisionTask(TestWorkflowMutableStateImpl.java:749)
	at com.uber.cadence.internal.testservice.TestWorkflowMutableStateImpl.lambda$startDecisionTask$0(TestWorkflowMutableStateImpl.java:320)
	at com.uber.cadence.internal.testservice.SelfAdvancingTimerImpl$TimerPump.lambda$runLocked$0(SelfAdvancingTimerImpl.java:99)
	at java.base/java.util.concurrent.ThreadPoolExecutor.runWorker(ThreadPoolExecutor.java:1128)
	at java.base/java.util.concurrent.ThreadPoolExecutor$Worker.run(ThreadPoolExecutor.java:628)
	at java.base/java.lang.Thread.run(Thread.java:829)
From WorkflowExecution(workflowId:HelloPeriodic, runId:ca090ab9-426b-4159-8074-e82671d99d21): Hello World!
21:40:24.803 [Timer task] ERROR c.u.c.i.t.TestWorkflowMutableStateImpl - Failure trying to timeout a decision scheduledEventId=79
com.uber.cadence.WorkflowExecutionAlreadyCompletedError: Workflow is already completed: CONTINUED_AS_NEW
	at com.uber.cadence.internal.testservice.TestWorkflowMutableStateImpl.checkCompleted(TestWorkflowMutableStateImpl.java:1246)
	at com.uber.cadence.internal.testservice.TestWorkflowMutableStateImpl.update(TestWorkflowMutableStateImpl.java:231)
	at com.uber.cadence.internal.testservice.TestWorkflowMutableStateImpl.completeDecisionUpdate(TestWorkflowMutableStateImpl.java:220)
	at com.uber.cadence.internal.testservice.TestWorkflowMutableStateImpl.timeoutDecisionTask(TestWorkflowMutableStateImpl.java:749)
	at com.uber.cadence.internal.testservice.TestWorkflowMutableStateImpl.lambda$startDecisionTask$0(TestWorkflowMutableStateImpl.java:320)
	at com.uber.cadence.internal.testservice.SelfAdvancingTimerImpl$TimerPump.lambda$runLocked$0(SelfAdvancingTimerImpl.java:99)
	at java.base/java.util.concurrent.ThreadPoolExecutor.runWorker(ThreadPoolExecutor.java:1128)
	at java.base/java.util.concurrent.ThreadPoolExecutor$Worker.run(ThreadPoolExecutor.java:628)
	at java.base/java.lang.Thread.run(Thread.java:829)
21:40:24.803 [Timer task] ERROR c.u.c.i.t.TestWorkflowMutableStateImpl - Failure trying to timeout a decision scheduledEventId=85
com.uber.cadence.WorkflowExecutionAlreadyCompletedError: Workflow is already completed: CONTINUED_AS_NEW
	at com.uber.cadence.internal.testservice.TestWorkflowMutableStateImpl.checkCompleted(TestWorkflowMutableStateImpl.java:1246)
	at com.uber.cadence.internal.testservice.TestWorkflowMutableStateImpl.update(TestWorkflowMutableStateImpl.java:231)
	at com.uber.cadence.internal.testservice.TestWorkflowMutableStateImpl.completeDecisionUpdate(TestWorkflowMutableStateImpl.java:220)
	at com.uber.cadence.internal.testservice.TestWorkflowMutableStateImpl.timeoutDecisionTask(TestWorkflowMutableStateImpl.java:749)
	at com.uber.cadence.internal.testservice.TestWorkflowMutableStateImpl.lambda$startDecisionTask$0(TestWorkflowMutableStateImpl.java:320)
	at com.uber.cadence.internal.testservice.SelfAdvancingTimerImpl$TimerPump.lambda$runLocked$0(SelfAdvancingTimerImpl.java:99)
	at java.base/java.util.concurrent.ThreadPoolExecutor.runWorker(ThreadPoolExecutor.java:1128)
	at java.base/java.util.concurrent.ThreadPoolExecutor$Worker.run(ThreadPoolExecutor.java:628)
	at java.base/java.lang.Thread.run(Thread.java:829)
From WorkflowExecution(workflowId:HelloPeriodic, runId:ca090ab9-426b-4159-8074-e82671d99d21): Hello World!
21:40:24.804 [Timer task] ERROR c.u.c.i.t.TestWorkflowMutableStateImpl - Failure trying to timeout a decision scheduledEventId=90
com.uber.cadence.WorkflowExecutionAlreadyCompletedError: Workflow is already completed: CONTINUED_AS_NEW
	at com.uber.cadence.internal.testservice.TestWorkflowMutableStateImpl.checkCompleted(TestWorkflowMutableStateImpl.java:1246)
	at com.uber.cadence.internal.testservice.TestWorkflowMutableStateImpl.update(TestWorkflowMutableStateImpl.java:231)
	at com.uber.cadence.internal.testservice.TestWorkflowMutableStateImpl.completeDecisionUpdate(TestWorkflowMutableStateImpl.java:220)
	at com.uber.cadence.internal.testservice.TestWorkflowMutableStateImpl.timeoutDecisionTask(TestWorkflowMutableStateImpl.java:749)
	at com.uber.cadence.internal.testservice.TestWorkflowMutableStateImpl.lambda$startDecisionTask$0(TestWorkflowMutableStateImpl.java:320)
	at com.uber.cadence.internal.testservice.SelfAdvancingTimerImpl$TimerPump.lambda$runLocked$0(SelfAdvancingTimerImpl.java:99)
	at java.base/java.util.concurrent.ThreadPoolExecutor.runWorker(ThreadPoolExecutor.java:1128)
	at java.base/java.util.concurrent.ThreadPoolExecutor$Worker.run(ThreadPoolExecutor.java:628)
	at java.base/java.lang.Thread.run(Thread.java:829)
21:40:24.804 [Timer task] ERROR c.u.c.i.t.TestWorkflowMutableStateImpl - Failure trying to timeout a decision scheduledEventId=96
com.uber.cadence.WorkflowExecutionAlreadyCompletedError: Workflow is already completed: CONTINUED_AS_NEW
	at com.uber.cadence.internal.testservice.TestWorkflowMutableStateImpl.checkCompleted(TestWorkflowMutableStateImpl.java:1246)
	at com.uber.cadence.internal.testservice.TestWorkflowMutableStateImpl.update(TestWorkflowMutableStateImpl.java:231)
	at com.uber.cadence.internal.testservice.TestWorkflowMutableStateImpl.completeDecisionUpdate(TestWorkflowMutableStateImpl.java:220)
	at com.uber.cadence.internal.testservice.TestWorkflowMutableStateImpl.timeoutDecisionTask(TestWorkflowMutableStateImpl.java:749)
	at com.uber.cadence.internal.testservice.TestWorkflowMutableStateImpl.lambda$startDecisionTask$0(TestWorkflowMutableStateImpl.java:320)
	at com.uber.cadence.internal.testservice.SelfAdvancingTimerImpl$TimerPump.lambda$runLocked$0(SelfAdvancingTimerImpl.java:99)
	at java.base/java.util.concurrent.ThreadPoolExecutor.runWorker(ThreadPoolExecutor.java:1128)
	at java.base/java.util.concurrent.ThreadPoolExecutor$Worker.run(ThreadPoolExecutor.java:628)
	at java.base/java.lang.Thread.run(Thread.java:829)
From WorkflowExecution(workflowId:HelloPeriodic, runId:ca090ab9-426b-4159-8074-e82671d99d21): Hello World!
21:40:24.805 [Timer task] ERROR c.u.c.i.t.TestWorkflowMutableStateImpl - Failure trying to timeout a decision scheduledEventId=107
com.uber.cadence.WorkflowExecutionAlreadyCompletedError: Workflow is already completed: CONTINUED_AS_NEW
	at com.uber.cadence.internal.testservice.TestWorkflowMutableStateImpl.checkCompleted(TestWorkflowMutableStateImpl.java:1246)
	at com.uber.cadence.internal.testservice.TestWorkflowMutableStateImpl.update(TestWorkflowMutableStateImpl.java:231)
	at com.uber.cadence.internal.testservice.TestWorkflowMutableStateImpl.completeDecisionUpdate(TestWorkflowMutableStateImpl.java:220)
	at com.uber.cadence.internal.testservice.TestWorkflowMutableStateImpl.timeoutDecisionTask(TestWorkflowMutableStateImpl.java:749)
	at com.uber.cadence.internal.testservice.TestWorkflowMutableStateImpl.lambda$startDecisionTask$0(TestWorkflowMutableStateImpl.java:320)
	at com.uber.cadence.internal.testservice.SelfAdvancingTimerImpl$TimerPump.lambda$runLocked$0(SelfAdvancingTimerImpl.java:99)
	at java.base/java.util.concurrent.ThreadPoolExecutor.runWorker(ThreadPoolExecutor.java:1128)
	at java.base/java.util.concurrent.ThreadPoolExecutor$Worker.run(ThreadPoolExecutor.java:628)
	at java.base/java.lang.Thread.run(Thread.java:829)
21:40:24.805 [Timer task] ERROR c.u.c.i.t.TestWorkflowMutableStateImpl - Failure trying to timeout a decision scheduledEventId=101
com.uber.cadence.WorkflowExecutionAlreadyCompletedError: Workflow is already completed: CONTINUED_AS_NEW
	at com.uber.cadence.internal.testservice.TestWorkflowMutableStateImpl.checkCompleted(TestWorkflowMutableStateImpl.java:1246)
	at com.uber.cadence.internal.testservice.TestWorkflowMutableStateImpl.update(TestWorkflowMutableStateImpl.java:231)
	at com.uber.cadence.internal.testservice.TestWorkflowMutableStateImpl.completeDecisionUpdate(TestWorkflowMutableStateImpl.java:220)
	at com.uber.cadence.internal.testservice.TestWorkflowMutableStateImpl.timeoutDecisionTask(TestWorkflowMutableStateImpl.java:749)
	at com.uber.cadence.internal.testservice.TestWorkflowMutableStateImpl.lambda$startDecisionTask$0(TestWorkflowMutableStateImpl.java:320)
	at com.uber.cadence.internal.testservice.SelfAdvancingTimerImpl$TimerPump.lambda$runLocked$0(SelfAdvancingTimerImpl.java:99)
	at java.base/java.util.concurrent.ThreadPoolExecutor.runWorker(ThreadPoolExecutor.java:1128)
	at java.base/java.util.concurrent.ThreadPoolExecutor$Worker.run(ThreadPoolExecutor.java:628)
	at java.base/java.lang.Thread.run(Thread.java:829)
From WorkflowExecution(workflowId:HelloPeriodic, runId:ca090ab9-426b-4159-8074-e82671d99d21): Hello World!
21:40:24.806 [Timer task] ERROR c.u.c.i.t.TestWorkflowMutableStateImpl - Failure trying to timeout a decision scheduledEventId=112
com.uber.cadence.WorkflowExecutionAlreadyCompletedError: Workflow is already completed: CONTINUED_AS_NEW
	at com.uber.cadence.internal.testservice.TestWorkflowMutableStateImpl.checkCompleted(TestWorkflowMutableStateImpl.java:1246)
	at com.uber.cadence.internal.testservice.TestWorkflowMutableStateImpl.update(TestWorkflowMutableStateImpl.java:231)
	at com.uber.cadence.internal.testservice.TestWorkflowMutableStateImpl.completeDecisionUpdate(TestWorkflowMutableStateImpl.java:220)
	at com.uber.cadence.internal.testservice.TestWorkflowMutableStateImpl.timeoutDecisionTask(TestWorkflowMutableStateImpl.java:749)
	at com.uber.cadence.internal.testservice.TestWorkflowMutableStateImpl.lambda$startDecisionTask$0(TestWorkflowMutableStateImpl.java:320)
	at com.uber.cadence.internal.testservice.SelfAdvancingTimerImpl$TimerPump.lambda$runLocked$0(SelfAdvancingTimerImpl.java:99)
	at java.base/java.util.concurrent.ThreadPoolExecutor.runWorker(ThreadPoolExecutor.java:1128)
	at java.base/java.util.concurrent.ThreadPoolExecutor$Worker.run(ThreadPoolExecutor.java:628)
	at java.base/java.lang.Thread.run(Thread.java:829)
From WorkflowExecution(workflowId:HelloPeriodic, runId:c886c0e5-3824-4891-b2b1-8c74210b1bdb): Hello World!
21:40:24.809 [Timer task] ERROR c.u.c.i.t.TestWorkflowMutableStateImpl - Failure trying to timeout a decision scheduledEventId=13
com.uber.cadence.WorkflowExecutionAlreadyCompletedError: Workflow is already completed: CONTINUED_AS_NEW
	at com.uber.cadence.internal.testservice.TestWorkflowMutableStateImpl.checkCompleted(TestWorkflowMutableStateImpl.java:1246)
	at com.uber.cadence.internal.testservice.TestWorkflowMutableStateImpl.update(TestWorkflowMutableStateImpl.java:231)
	at com.uber.cadence.internal.testservice.TestWorkflowMutableStateImpl.completeDecisionUpdate(TestWorkflowMutableStateImpl.java:220)
	at com.uber.cadence.internal.testservice.TestWorkflowMutableStateImpl.timeoutDecisionTask(TestWorkflowMutableStateImpl.java:749)
	at com.uber.cadence.internal.testservice.TestWorkflowMutableStateImpl.lambda$startDecisionTask$0(TestWorkflowMutableStateImpl.java:320)
	at com.uber.cadence.internal.testservice.SelfAdvancingTimerImpl$TimerPump.lambda$runLocked$0(SelfAdvancingTimerImpl.java:99)
	at java.base/java.util.concurrent.ThreadPoolExecutor.runWorker(ThreadPoolExecutor.java:1128)
	at java.base/java.util.concurrent.ThreadPoolExecutor$Worker.run(ThreadPoolExecutor.java:628)
	at java.base/java.lang.Thread.run(Thread.java:829)
21:40:24.809 [Timer task] ERROR c.u.c.i.t.TestWorkflowMutableStateImpl - Failure trying to timeout a decision scheduledEventId=19
com.uber.cadence.WorkflowExecutionAlreadyCompletedError: Workflow is already completed: CONTINUED_AS_NEW
	at com.uber.cadence.internal.testservice.TestWorkflowMutableStateImpl.checkCompleted(TestWorkflowMutableStateImpl.java:1246)
	at com.uber.cadence.internal.testservice.TestWorkflowMutableStateImpl.update(TestWorkflowMutableStateImpl.java:231)
	at com.uber.cadence.internal.testservice.TestWorkflowMutableStateImpl.completeDecisionUpdate(TestWorkflowMutableStateImpl.java:220)
	at com.uber.cadence.internal.testservice.TestWorkflowMutableStateImpl.timeoutDecisionTask(TestWorkflowMutableStateImpl.java:749)
	at com.uber.cadence.internal.testservice.TestWorkflowMutableStateImpl.lambda$startDecisionTask$0(TestWorkflowMutableStateImpl.java:320)
	at com.uber.cadence.internal.testservice.SelfAdvancingTimerImpl$TimerPump.lambda$runLocked$0(SelfAdvancingTimerImpl.java:99)
	at java.base/java.util.concurrent.ThreadPoolExecutor.runWorker(ThreadPoolExecutor.java:1128)
	at java.base/java.util.concurrent.ThreadPoolExecutor$Worker.run(ThreadPoolExecutor.java:628)
	at java.base/java.lang.Thread.run(Thread.java:829)
From WorkflowExecution(workflowId:HelloPeriodic, runId:c886c0e5-3824-4891-b2b1-8c74210b1bdb): Hello World!
21:40:24.810 [Timer task] ERROR c.u.c.i.t.TestWorkflowMutableStateImpl - Failure trying to timeout a decision scheduledEventId=24
com.uber.cadence.WorkflowExecutionAlreadyCompletedError: Workflow is already completed: CONTINUED_AS_NEW
	at com.uber.cadence.internal.testservice.TestWorkflowMutableStateImpl.checkCompleted(TestWorkflowMutableStateImpl.java:1246)
	at com.uber.cadence.internal.testservice.TestWorkflowMutableStateImpl.update(TestWorkflowMutableStateImpl.java:231)
	at com.uber.cadence.internal.testservice.TestWorkflowMutableStateImpl.completeDecisionUpdate(TestWorkflowMutableStateImpl.java:220)
	at com.uber.cadence.internal.testservice.TestWorkflowMutableStateImpl.timeoutDecisionTask(TestWorkflowMutableStateImpl.java:749)
	at com.uber.cadence.internal.testservice.TestWorkflowMutableStateImpl.lambda$startDecisionTask$0(TestWorkflowMutableStateImpl.java:320)
	at com.uber.cadence.internal.testservice.SelfAdvancingTimerImpl$TimerPump.lambda$runLocked$0(SelfAdvancingTimerImpl.java:99)
	at java.base/java.util.concurrent.ThreadPoolExecutor.runWorker(ThreadPoolExecutor.java:1128)
	at java.base/java.util.concurrent.ThreadPoolExecutor$Worker.run(ThreadPoolExecutor.java:628)
	at java.base/java.lang.Thread.run(Thread.java:829)
21:40:24.810 [Timer task] ERROR c.u.c.i.t.TestWorkflowMutableStateImpl - Failure trying to timeout a decision scheduledEventId=30
com.uber.cadence.WorkflowExecutionAlreadyCompletedError: Workflow is already completed: CONTINUED_AS_NEW
	at com.uber.cadence.internal.testservice.TestWorkflowMutableStateImpl.checkCompleted(TestWorkflowMutableStateImpl.java:1246)
	at com.uber.cadence.internal.testservice.TestWorkflowMutableStateImpl.update(TestWorkflowMutableStateImpl.java:231)
	at com.uber.cadence.internal.testservice.TestWorkflowMutableStateImpl.completeDecisionUpdate(TestWorkflowMutableStateImpl.java:220)
	at com.uber.cadence.internal.testservice.TestWorkflowMutableStateImpl.timeoutDecisionTask(TestWorkflowMutableStateImpl.java:749)
	at com.uber.cadence.internal.testservice.TestWorkflowMutableStateImpl.lambda$startDecisionTask$0(TestWorkflowMutableStateImpl.java:320)
	at com.uber.cadence.internal.testservice.SelfAdvancingTimerImpl$TimerPump.lambda$runLocked$0(SelfAdvancingTimerImpl.java:99)
	at java.base/java.util.concurrent.ThreadPoolExecutor.runWorker(ThreadPoolExecutor.java:1128)
	at java.base/java.util.concurrent.ThreadPoolExecutor$Worker.run(ThreadPoolExecutor.java:628)
	at java.base/java.lang.Thread.run(Thread.java:829)
From WorkflowExecution(workflowId:HelloPeriodic, runId:c886c0e5-3824-4891-b2b1-8c74210b1bdb): Hello World!
21:40:24.810 [Timer task] ERROR c.u.c.i.t.TestWorkflowMutableStateImpl - Failure trying to timeout a decision scheduledEventId=35
com.uber.cadence.WorkflowExecutionAlreadyCompletedError: Workflow is already completed: CONTINUED_AS_NEW
	at com.uber.cadence.internal.testservice.TestWorkflowMutableStateImpl.checkCompleted(TestWorkflowMutableStateImpl.java:1246)
	at com.uber.cadence.internal.testservice.TestWorkflowMutableStateImpl.update(TestWorkflowMutableStateImpl.java:231)
	at com.uber.cadence.internal.testservice.TestWorkflowMutableStateImpl.completeDecisionUpdate(TestWorkflowMutableStateImpl.java:220)
	at com.uber.cadence.internal.testservice.TestWorkflowMutableStateImpl.timeoutDecisionTask(TestWorkflowMutableStateImpl.java:749)
	at com.uber.cadence.internal.testservice.TestWorkflowMutableStateImpl.lambda$startDecisionTask$0(TestWorkflowMutableStateImpl.java:320)
	at com.uber.cadence.internal.testservice.SelfAdvancingTimerImpl$TimerPump.lambda$runLocked$0(SelfAdvancingTimerImpl.java:99)
	at java.base/java.util.concurrent.ThreadPoolExecutor.runWorker(ThreadPoolExecutor.java:1128)
	at java.base/java.util.concurrent.ThreadPoolExecutor$Worker.run(ThreadPoolExecutor.java:628)
	at java.base/java.lang.Thread.run(Thread.java:829)
21:40:24.810 [Timer task] ERROR c.u.c.i.t.TestWorkflowMutableStateImpl - Failure trying to timeout a decision scheduledEventId=41
com.uber.cadence.WorkflowExecutionAlreadyCompletedError: Workflow is already completed: CONTINUED_AS_NEW
	at com.uber.cadence.internal.testservice.TestWorkflowMutableStateImpl.checkCompleted(TestWorkflowMutableStateImpl.java:1246)
	at com.uber.cadence.internal.testservice.TestWorkflowMutableStateImpl.update(TestWorkflowMutableStateImpl.java:231)
	at com.uber.cadence.internal.testservice.TestWorkflowMutableStateImpl.completeDecisionUpdate(TestWorkflowMutableStateImpl.java:220)
	at com.uber.cadence.internal.testservice.TestWorkflowMutableStateImpl.timeoutDecisionTask(TestWorkflowMutableStateImpl.java:749)
	at com.uber.cadence.internal.testservice.TestWorkflowMutableStateImpl.lambda$startDecisionTask$0(TestWorkflowMutableStateImpl.java:320)
	at com.uber.cadence.internal.testservice.SelfAdvancingTimerImpl$TimerPump.lambda$runLocked$0(SelfAdvancingTimerImpl.java:99)
	at java.base/java.util.concurrent.ThreadPoolExecutor.runWorker(ThreadPoolExecutor.java:1128)
	at java.base/java.util.concurrent.ThreadPoolExecutor$Worker.run(ThreadPoolExecutor.java:628)
	at java.base/java.lang.Thread.run(Thread.java:829)
From WorkflowExecution(workflowId:HelloPeriodic, runId:c886c0e5-3824-4891-b2b1-8c74210b1bdb): Hello World!
21:40:24.811 [Timer task] ERROR c.u.c.i.t.TestWorkflowMutableStateImpl - Failure trying to timeout a decision scheduledEventId=46
com.uber.cadence.WorkflowExecutionAlreadyCompletedError: Workflow is already completed: CONTINUED_AS_NEW
	at com.uber.cadence.internal.testservice.TestWorkflowMutableStateImpl.checkCompleted(TestWorkflowMutableStateImpl.java:1246)
	at com.uber.cadence.internal.testservice.TestWorkflowMutableStateImpl.update(TestWorkflowMutableStateImpl.java:231)
	at com.uber.cadence.internal.testservice.TestWorkflowMutableStateImpl.completeDecisionUpdate(TestWorkflowMutableStateImpl.java:220)
	at com.uber.cadence.internal.testservice.TestWorkflowMutableStateImpl.timeoutDecisionTask(TestWorkflowMutableStateImpl.java:749)
	at com.uber.cadence.internal.testservice.TestWorkflowMutableStateImpl.lambda$startDecisionTask$0(TestWorkflowMutableStateImpl.java:320)
	at com.uber.cadence.internal.testservice.SelfAdvancingTimerImpl$TimerPump.lambda$runLocked$0(SelfAdvancingTimerImpl.java:99)
	at java.base/java.util.concurrent.ThreadPoolExecutor.runWorker(ThreadPoolExecutor.java:1128)
	at java.base/java.util.concurrent.ThreadPoolExecutor$Worker.run(ThreadPoolExecutor.java:628)
	at java.base/java.lang.Thread.run(Thread.java:829)
21:40:24.811 [Timer task] ERROR c.u.c.i.t.TestWorkflowMutableStateImpl - Failure trying to timeout a decision scheduledEventId=52
com.uber.cadence.WorkflowExecutionAlreadyCompletedError: Workflow is already completed: CONTINUED_AS_NEW
	at com.uber.cadence.internal.testservice.TestWorkflowMutableStateImpl.checkCompleted(TestWorkflowMutableStateImpl.java:1246)
	at com.uber.cadence.internal.testservice.TestWorkflowMutableStateImpl.update(TestWorkflowMutableStateImpl.java:231)
	at com.uber.cadence.internal.testservice.TestWorkflowMutableStateImpl.completeDecisionUpdate(TestWorkflowMutableStateImpl.java:220)
	at com.uber.cadence.internal.testservice.TestWorkflowMutableStateImpl.timeoutDecisionTask(TestWorkflowMutableStateImpl.java:749)
	at com.uber.cadence.internal.testservice.TestWorkflowMutableStateImpl.lambda$startDecisionTask$0(TestWorkflowMutableStateImpl.java:320)
	at com.uber.cadence.internal.testservice.SelfAdvancingTimerImpl$TimerPump.lambda$runLocked$0(SelfAdvancingTimerImpl.java:99)
	at java.base/java.util.concurrent.ThreadPoolExecutor.runWorker(ThreadPoolExecutor.java:1128)
	at java.base/java.util.concurrent.ThreadPoolExecutor$Worker.run(ThreadPoolExecutor.java:628)
	at java.base/java.lang.Thread.run(Thread.java:829)
From WorkflowExecution(workflowId:HelloPeriodic, runId:c886c0e5-3824-4891-b2b1-8c74210b1bdb): Hello World!
21:40:24.812 [Timer task] ERROR c.u.c.i.t.TestWorkflowMutableStateImpl - Failure trying to timeout a decision scheduledEventId=57
com.uber.cadence.WorkflowExecutionAlreadyCompletedError: Workflow is already completed: CONTINUED_AS_NEW
	at com.uber.cadence.internal.testservice.TestWorkflowMutableStateImpl.checkCompleted(TestWorkflowMutableStateImpl.java:1246)
	at com.uber.cadence.internal.testservice.TestWorkflowMutableStateImpl.update(TestWorkflowMutableStateImpl.java:231)
	at com.uber.cadence.internal.testservice.TestWorkflowMutableStateImpl.completeDecisionUpdate(TestWorkflowMutableStateImpl.java:220)
	at com.uber.cadence.internal.testservice.TestWorkflowMutableStateImpl.timeoutDecisionTask(TestWorkflowMutableStateImpl.java:749)
	at com.uber.cadence.internal.testservice.TestWorkflowMutableStateImpl.lambda$startDecisionTask$0(TestWorkflowMutableStateImpl.java:320)
	at com.uber.cadence.internal.testservice.SelfAdvancingTimerImpl$TimerPump.lambda$runLocked$0(SelfAdvancingTimerImpl.java:99)
	at java.base/java.util.concurrent.ThreadPoolExecutor.runWorker(ThreadPoolExecutor.java:1128)
	at java.base/java.util.concurrent.ThreadPoolExecutor$Worker.run(ThreadPoolExecutor.java:628)
	at java.base/java.lang.Thread.run(Thread.java:829)
21:40:24.812 [Timer task] ERROR c.u.c.i.t.TestWorkflowMutableStateImpl - Failure trying to timeout a decision scheduledEventId=63
com.uber.cadence.WorkflowExecutionAlreadyCompletedError: Workflow is already completed: CONTINUED_AS_NEW
	at com.uber.cadence.internal.testservice.TestWorkflowMutableStateImpl.checkCompleted(TestWorkflowMutableStateImpl.java:1246)
	at com.uber.cadence.internal.testservice.TestWorkflowMutableStateImpl.update(TestWorkflowMutableStateImpl.java:231)
	at com.uber.cadence.internal.testservice.TestWorkflowMutableStateImpl.completeDecisionUpdate(TestWorkflowMutableStateImpl.java:220)
	at com.uber.cadence.internal.testservice.TestWorkflowMutableStateImpl.timeoutDecisionTask(TestWorkflowMutableStateImpl.java:749)
	at com.uber.cadence.internal.testservice.TestWorkflowMutableStateImpl.lambda$startDecisionTask$0(TestWorkflowMutableStateImpl.java:320)
	at com.uber.cadence.internal.testservice.SelfAdvancingTimerImpl$TimerPump.lambda$runLocked$0(SelfAdvancingTimerImpl.java:99)
	at java.base/java.util.concurrent.ThreadPoolExecutor.runWorker(ThreadPoolExecutor.java:1128)
	at java.base/java.util.concurrent.ThreadPoolExecutor$Worker.run(ThreadPoolExecutor.java:628)
	at java.base/java.lang.Thread.run(Thread.java:829)
From WorkflowExecution(workflowId:HelloPeriodic, runId:c886c0e5-3824-4891-b2b1-8c74210b1bdb): Hello World!
21:40:24.813 [Timer task] ERROR c.u.c.i.t.TestWorkflowMutableStateImpl - Failure trying to timeout a decision scheduledEventId=74
com.uber.cadence.WorkflowExecutionAlreadyCompletedError: Workflow is already completed: CONTINUED_AS_NEW
	at com.uber.cadence.internal.testservice.TestWorkflowMutableStateImpl.checkCompleted(TestWorkflowMutableStateImpl.java:1246)
	at com.uber.cadence.internal.testservice.TestWorkflowMutableStateImpl.update(TestWorkflowMutableStateImpl.java:231)
	at com.uber.cadence.internal.testservice.TestWorkflowMutableStateImpl.completeDecisionUpdate(TestWorkflowMutableStateImpl.java:220)
	at com.uber.cadence.internal.testservice.TestWorkflowMutableStateImpl.timeoutDecisionTask(TestWorkflowMutableStateImpl.java:749)
	at com.uber.cadence.internal.testservice.TestWorkflowMutableStateImpl.lambda$startDecisionTask$0(TestWorkflowMutableStateImpl.java:320)
	at com.uber.cadence.internal.testservice.SelfAdvancingTimerImpl$TimerPump.lambda$runLocked$0(SelfAdvancingTimerImpl.java:99)
	at java.base/java.util.concurrent.ThreadPoolExecutor.runWorker(ThreadPoolExecutor.java:1128)
	at java.base/java.util.concurrent.ThreadPoolExecutor$Worker.run(ThreadPoolExecutor.java:628)
	at java.base/java.lang.Thread.run(Thread.java:829)
21:40:24.813 [Timer task] ERROR c.u.c.i.t.TestWorkflowMutableStateImpl - Failure trying to timeout a decision scheduledEventId=68
com.uber.cadence.WorkflowExecutionAlreadyCompletedError: Workflow is already completed: CONTINUED_AS_NEW
	at com.uber.cadence.internal.testservice.TestWorkflowMutableStateImpl.checkCompleted(TestWorkflowMutableStateImpl.java:1246)
	at com.uber.cadence.internal.testservice.TestWorkflowMutableStateImpl.update(TestWorkflowMutableStateImpl.java:231)
	at com.uber.cadence.internal.testservice.TestWorkflowMutableStateImpl.completeDecisionUpdate(TestWorkflowMutableStateImpl.java:220)
	at com.uber.cadence.internal.testservice.TestWorkflowMutableStateImpl.timeoutDecisionTask(TestWorkflowMutableStateImpl.java:749)
	at com.uber.cadence.internal.testservice.TestWorkflowMutableStateImpl.lambda$startDecisionTask$0(TestWorkflowMutableStateImpl.java:320)
	at com.uber.cadence.internal.testservice.SelfAdvancingTimerImpl$TimerPump.lambda$runLocked$0(SelfAdvancingTimerImpl.java:99)
	at java.base/java.util.concurrent.ThreadPoolExecutor.runWorker(ThreadPoolExecutor.java:1128)
	at java.base/java.util.concurrent.ThreadPoolExecutor$Worker.run(ThreadPoolExecutor.java:628)
	at java.base/java.lang.Thread.run(Thread.java:829)
From WorkflowExecution(workflowId:HelloPeriodic, runId:c886c0e5-3824-4891-b2b1-8c74210b1bdb): Hello World!
21:40:24.814 [Timer task] ERROR c.u.c.i.t.TestWorkflowMutableStateImpl - Failure trying to timeout a decision scheduledEventId=79
com.uber.cadence.WorkflowExecutionAlreadyCompletedError: Workflow is already completed: CONTINUED_AS_NEW
	at com.uber.cadence.internal.testservice.TestWorkflowMutableStateImpl.checkCompleted(TestWorkflowMutableStateImpl.java:1246)
	at com.uber.cadence.internal.testservice.TestWorkflowMutableStateImpl.update(TestWorkflowMutableStateImpl.java:231)
	at com.uber.cadence.internal.testservice.TestWorkflowMutableStateImpl.completeDecisionUpdate(TestWorkflowMutableStateImpl.java:220)
	at com.uber.cadence.internal.testservice.TestWorkflowMutableStateImpl.timeoutDecisionTask(TestWorkflowMutableStateImpl.java:749)
	at com.uber.cadence.internal.testservice.TestWorkflowMutableStateImpl.lambda$startDecisionTask$0(TestWorkflowMutableStateImpl.java:320)
	at com.uber.cadence.internal.testservice.SelfAdvancingTimerImpl$TimerPump.lambda$runLocked$0(SelfAdvancingTimerImpl.java:99)
	at java.base/java.util.concurrent.ThreadPoolExecutor.runWorker(ThreadPoolExecutor.java:1128)
	at java.base/java.util.concurrent.ThreadPoolExecutor$Worker.run(ThreadPoolExecutor.java:628)
	at java.base/java.lang.Thread.run(Thread.java:829)
21:40:24.814 [Timer task] ERROR c.u.c.i.t.TestWorkflowMutableStateImpl - Failure trying to timeout a decision scheduledEventId=85
com.uber.cadence.WorkflowExecutionAlreadyCompletedError: Workflow is already completed: CONTINUED_AS_NEW
	at com.uber.cadence.internal.testservice.TestWorkflowMutableStateImpl.checkCompleted(TestWorkflowMutableStateImpl.java:1246)
	at com.uber.cadence.internal.testservice.TestWorkflowMutableStateImpl.update(TestWorkflowMutableStateImpl.java:231)
	at com.uber.cadence.internal.testservice.TestWorkflowMutableStateImpl.completeDecisionUpdate(TestWorkflowMutableStateImpl.java:220)
	at com.uber.cadence.internal.testservice.TestWorkflowMutableStateImpl.timeoutDecisionTask(TestWorkflowMutableStateImpl.java:749)
	at com.uber.cadence.internal.testservice.TestWorkflowMutableStateImpl.lambda$startDecisionTask$0(TestWorkflowMutableStateImpl.java:320)
	at com.uber.cadence.internal.testservice.SelfAdvancingTimerImpl$TimerPump.lambda$runLocked$0(SelfAdvancingTimerImpl.java:99)
	at java.base/java.util.concurrent.ThreadPoolExecutor.runWorker(ThreadPoolExecutor.java:1128)
	at java.base/java.util.concurrent.ThreadPoolExecutor$Worker.run(ThreadPoolExecutor.java:628)
	at java.base/java.lang.Thread.run(Thread.java:829)
From WorkflowExecution(workflowId:HelloPeriodic, runId:c886c0e5-3824-4891-b2b1-8c74210b1bdb): Hello World!
21:40:24.815 [Timer task] ERROR c.u.c.i.t.TestWorkflowMutableStateImpl - Failure trying to timeout a decision scheduledEventId=90
com.uber.cadence.WorkflowExecutionAlreadyCompletedError: Workflow is already completed: CONTINUED_AS_NEW
	at com.uber.cadence.internal.testservice.TestWorkflowMutableStateImpl.checkCompleted(TestWorkflowMutableStateImpl.java:1246)
	at com.uber.cadence.internal.testservice.TestWorkflowMutableStateImpl.update(TestWorkflowMutableStateImpl.java:231)
	at com.uber.cadence.internal.testservice.TestWorkflowMutableStateImpl.completeDecisionUpdate(TestWorkflowMutableStateImpl.java:220)
	at com.uber.cadence.internal.testservice.TestWorkflowMutableStateImpl.timeoutDecisionTask(TestWorkflowMutableStateImpl.java:749)
	at com.uber.cadence.internal.testservice.TestWorkflowMutableStateImpl.lambda$startDecisionTask$0(TestWorkflowMutableStateImpl.java:320)
	at com.uber.cadence.internal.testservice.SelfAdvancingTimerImpl$TimerPump.lambda$runLocked$0(SelfAdvancingTimerImpl.java:99)
	at java.base/java.util.concurrent.ThreadPoolExecutor.runWorker(ThreadPoolExecutor.java:1128)
	at java.base/java.util.concurrent.ThreadPoolExecutor$Worker.run(ThreadPoolExecutor.java:628)
	at java.base/java.lang.Thread.run(Thread.java:829)
21:40:24.815 [Timer task] ERROR c.u.c.i.t.TestWorkflowMutableStateImpl - Failure trying to timeout a decision scheduledEventId=96
com.uber.cadence.WorkflowExecutionAlreadyCompletedError: Workflow is already completed: CONTINUED_AS_NEW
	at com.uber.cadence.internal.testservice.TestWorkflowMutableStateImpl.checkCompleted(TestWorkflowMutableStateImpl.java:1246)
	at com.uber.cadence.internal.testservice.TestWorkflowMutableStateImpl.update(TestWorkflowMutableStateImpl.java:231)
	at com.uber.cadence.internal.testservice.TestWorkflowMutableStateImpl.completeDecisionUpdate(TestWorkflowMutableStateImpl.java:220)
	at com.uber.cadence.internal.testservice.TestWorkflowMutableStateImpl.timeoutDecisionTask(TestWorkflowMutableStateImpl.java:749)
	at com.uber.cadence.internal.testservice.TestWorkflowMutableStateImpl.lambda$startDecisionTask$0(TestWorkflowMutableStateImpl.java:320)
	at com.uber.cadence.internal.testservice.SelfAdvancingTimerImpl$TimerPump.lambda$runLocked$0(SelfAdvancingTimerImpl.java:99)
	at java.base/java.util.concurrent.ThreadPoolExecutor.runWorker(ThreadPoolExecutor.java:1128)
	at java.base/java.util.concurrent.ThreadPoolExecutor$Worker.run(ThreadPoolExecutor.java:628)
	at java.base/java.lang.Thread.run(Thread.java:829)
From WorkflowExecution(workflowId:HelloPeriodic, runId:c886c0e5-3824-4891-b2b1-8c74210b1bdb): Hello World!
21:40:24.816 [Timer task] ERROR c.u.c.i.t.TestWorkflowMutableStateImpl - Failure trying to timeout a decision scheduledEventId=101
com.uber.cadence.WorkflowExecutionAlreadyCompletedError: Workflow is already completed: CONTINUED_AS_NEW
	at com.uber.cadence.internal.testservice.TestWorkflowMutableStateImpl.checkCompleted(TestWorkflowMutableStateImpl.java:1246)
	at com.uber.cadence.internal.testservice.TestWorkflowMutableStateImpl.update(TestWorkflowMutableStateImpl.java:231)
	at com.uber.cadence.internal.testservice.TestWorkflowMutableStateImpl.completeDecisionUpdate(TestWorkflowMutableStateImpl.java:220)
	at com.uber.cadence.internal.testservice.TestWorkflowMutableStateImpl.timeoutDecisionTask(TestWorkflowMutableStateImpl.java:749)
	at com.uber.cadence.internal.testservice.TestWorkflowMutableStateImpl.lambda$startDecisionTask$0(TestWorkflowMutableStateImpl.java:320)
	at com.uber.cadence.internal.testservice.SelfAdvancingTimerImpl$TimerPump.lambda$runLocked$0(SelfAdvancingTimerImpl.java:99)
	at java.base/java.util.concurrent.ThreadPoolExecutor.runWorker(ThreadPoolExecutor.java:1128)
	at java.base/java.util.concurrent.ThreadPoolExecutor$Worker.run(ThreadPoolExecutor.java:628)
	at java.base/java.lang.Thread.run(Thread.java:829)
21:40:24.816 [Timer task] ERROR c.u.c.i.t.TestWorkflowMutableStateImpl - Failure trying to timeout a decision scheduledEventId=107
com.uber.cadence.WorkflowExecutionAlreadyCompletedError: Workflow is already completed: CONTINUED_AS_NEW
	at com.uber.cadence.internal.testservice.TestWorkflowMutableStateImpl.checkCompleted(TestWorkflowMutableStateImpl.java:1246)
	at com.uber.cadence.internal.testservice.TestWorkflowMutableStateImpl.update(TestWorkflowMutableStateImpl.java:231)
	at com.uber.cadence.internal.testservice.TestWorkflowMutableStateImpl.completeDecisionUpdate(TestWorkflowMutableStateImpl.java:220)
	at com.uber.cadence.internal.testservice.TestWorkflowMutableStateImpl.timeoutDecisionTask(TestWorkflowMutableStateImpl.java:749)
	at com.uber.cadence.internal.testservice.TestWorkflowMutableStateImpl.lambda$startDecisionTask$0(TestWorkflowMutableStateImpl.java:320)
	at com.uber.cadence.internal.testservice.SelfAdvancingTimerImpl$TimerPump.lambda$runLocked$0(SelfAdvancingTimerImpl.java:99)
	at java.base/java.util.concurrent.ThreadPoolExecutor.runWorker(ThreadPoolExecutor.java:1128)
	at java.base/java.util.concurrent.ThreadPoolExecutor$Worker.run(ThreadPoolExecutor.java:628)
	at java.base/java.lang.Thread.run(Thread.java:829)
From WorkflowExecution(workflowId:HelloPeriodic, runId:c886c0e5-3824-4891-b2b1-8c74210b1bdb): Hello World!
21:40:24.817 [Timer task] ERROR c.u.c.i.t.TestWorkflowMutableStateImpl - Failure trying to timeout a decision scheduledEventId=112
com.uber.cadence.WorkflowExecutionAlreadyCompletedError: Workflow is already completed: CONTINUED_AS_NEW
	at com.uber.cadence.internal.testservice.TestWorkflowMutableStateImpl.checkCompleted(TestWorkflowMutableStateImpl.java:1246)
	at com.uber.cadence.internal.testservice.TestWorkflowMutableStateImpl.update(TestWorkflowMutableStateImpl.java:231)
	at com.uber.cadence.internal.testservice.TestWorkflowMutableStateImpl.completeDecisionUpdate(TestWorkflowMutableStateImpl.java:220)
	at com.uber.cadence.internal.testservice.TestWorkflowMutableStateImpl.timeoutDecisionTask(TestWorkflowMutableStateImpl.java:749)
	at com.uber.cadence.internal.testservice.TestWorkflowMutableStateImpl.lambda$startDecisionTask$0(TestWorkflowMutableStateImpl.java:320)
	at com.uber.cadence.internal.testservice.SelfAdvancingTimerImpl$TimerPump.lambda$runLocked$0(SelfAdvancingTimerImpl.java:99)
	at java.base/java.util.concurrent.ThreadPoolExecutor.runWorker(ThreadPoolExecutor.java:1128)
	at java.base/java.util.concurrent.ThreadPoolExecutor$Worker.run(ThreadPoolExecutor.java:628)
	at java.base/java.lang.Thread.run(Thread.java:829)
From WorkflowExecution(workflowId:HelloPeriodic, runId:e808019b-5653-4235-a7c6-9c2ed7999749): Hello World!
21:40:24.819 [Timer task] ERROR c.u.c.i.t.TestWorkflowMutableStateImpl - Failure trying to timeout a decision scheduledEventId=13
com.uber.cadence.WorkflowExecutionAlreadyCompletedError: Workflow is already completed: CONTINUED_AS_NEW
	at com.uber.cadence.internal.testservice.TestWorkflowMutableStateImpl.checkCompleted(TestWorkflowMutableStateImpl.java:1246)
	at com.uber.cadence.internal.testservice.TestWorkflowMutableStateImpl.update(TestWorkflowMutableStateImpl.java:231)
	at com.uber.cadence.internal.testservice.TestWorkflowMutableStateImpl.completeDecisionUpdate(TestWorkflowMutableStateImpl.java:220)
	at com.uber.cadence.internal.testservice.TestWorkflowMutableStateImpl.timeoutDecisionTask(TestWorkflowMutableStateImpl.java:749)
	at com.uber.cadence.internal.testservice.TestWorkflowMutableStateImpl.lambda$startDecisionTask$0(TestWorkflowMutableStateImpl.java:320)
	at com.uber.cadence.internal.testservice.SelfAdvancingTimerImpl$TimerPump.lambda$runLocked$0(SelfAdvancingTimerImpl.java:99)
	at java.base/java.util.concurrent.ThreadPoolExecutor.runWorker(ThreadPoolExecutor.java:1128)
	at java.base/java.util.concurrent.ThreadPoolExecutor$Worker.run(ThreadPoolExecutor.java:628)
	at java.base/java.lang.Thread.run(Thread.java:829)
21:40:24.819 [Timer task] ERROR c.u.c.i.t.TestWorkflowMutableStateImpl - Failure trying to timeout a decision scheduledEventId=19
com.uber.cadence.WorkflowExecutionAlreadyCompletedError: Workflow is already completed: CONTINUED_AS_NEW
	at com.uber.cadence.internal.testservice.TestWorkflowMutableStateImpl.checkCompleted(TestWorkflowMutableStateImpl.java:1246)
	at com.uber.cadence.internal.testservice.TestWorkflowMutableStateImpl.update(TestWorkflowMutableStateImpl.java:231)
	at com.uber.cadence.internal.testservice.TestWorkflowMutableStateImpl.completeDecisionUpdate(TestWorkflowMutableStateImpl.java:220)
	at com.uber.cadence.internal.testservice.TestWorkflowMutableStateImpl.timeoutDecisionTask(TestWorkflowMutableStateImpl.java:749)
	at com.uber.cadence.internal.testservice.TestWorkflowMutableStateImpl.lambda$startDecisionTask$0(TestWorkflowMutableStateImpl.java:320)
	at com.uber.cadence.internal.testservice.SelfAdvancingTimerImpl$TimerPump.lambda$runLocked$0(SelfAdvancingTimerImpl.java:99)
	at java.base/java.util.concurrent.ThreadPoolExecutor.runWorker(ThreadPoolExecutor.java:1128)
	at java.base/java.util.concurrent.ThreadPoolExecutor$Worker.run(ThreadPoolExecutor.java:628)
	at java.base/java.lang.Thread.run(Thread.java:829)
From WorkflowExecution(workflowId:HelloPeriodic, runId:e808019b-5653-4235-a7c6-9c2ed7999749): Hello World!
21:40:24.820 [Timer task] ERROR c.u.c.i.t.TestWorkflowMutableStateImpl - Failure trying to timeout a decision scheduledEventId=24
com.uber.cadence.WorkflowExecutionAlreadyCompletedError: Workflow is already completed: CONTINUED_AS_NEW
	at com.uber.cadence.internal.testservice.TestWorkflowMutableStateImpl.checkCompleted(TestWorkflowMutableStateImpl.java:1246)
	at com.uber.cadence.internal.testservice.TestWorkflowMutableStateImpl.update(TestWorkflowMutableStateImpl.java:231)
	at com.uber.cadence.internal.testservice.TestWorkflowMutableStateImpl.completeDecisionUpdate(TestWorkflowMutableStateImpl.java:220)
	at com.uber.cadence.internal.testservice.TestWorkflowMutableStateImpl.timeoutDecisionTask(TestWorkflowMutableStateImpl.java:749)
	at com.uber.cadence.internal.testservice.TestWorkflowMutableStateImpl.lambda$startDecisionTask$0(TestWorkflowMutableStateImpl.java:320)
	at com.uber.cadence.internal.testservice.SelfAdvancingTimerImpl$TimerPump.lambda$runLocked$0(SelfAdvancingTimerImpl.java:99)
	at java.base/java.util.concurrent.ThreadPoolExecutor.runWorker(ThreadPoolExecutor.java:1128)
	at java.base/java.util.concurrent.ThreadPoolExecutor$Worker.run(ThreadPoolExecutor.java:628)
	at java.base/java.lang.Thread.run(Thread.java:829)
21:40:24.820 [Timer task] ERROR c.u.c.i.t.TestWorkflowMutableStateImpl - Failure trying to timeout a decision scheduledEventId=30
com.uber.cadence.WorkflowExecutionAlreadyCompletedError: Workflow is already completed: CONTINUED_AS_NEW
	at com.uber.cadence.internal.testservice.TestWorkflowMutableStateImpl.checkCompleted(TestWorkflowMutableStateImpl.java:1246)
	at com.uber.cadence.internal.testservice.TestWorkflowMutableStateImpl.update(TestWorkflowMutableStateImpl.java:231)
	at com.uber.cadence.internal.testservice.TestWorkflowMutableStateImpl.completeDecisionUpdate(TestWorkflowMutableStateImpl.java:220)
	at com.uber.cadence.internal.testservice.TestWorkflowMutableStateImpl.timeoutDecisionTask(TestWorkflowMutableStateImpl.java:749)
	at com.uber.cadence.internal.testservice.TestWorkflowMutableStateImpl.lambda$startDecisionTask$0(TestWorkflowMutableStateImpl.java:320)
	at com.uber.cadence.internal.testservice.SelfAdvancingTimerImpl$TimerPump.lambda$runLocked$0(SelfAdvancingTimerImpl.java:99)
	at java.base/java.util.concurrent.ThreadPoolExecutor.runWorker(ThreadPoolExecutor.java:1128)
	at java.base/java.util.concurrent.ThreadPoolExecutor$Worker.run(ThreadPoolExecutor.java:628)
	at java.base/java.lang.Thread.run(Thread.java:829)
From WorkflowExecution(workflowId:HelloPeriodic, runId:e808019b-5653-4235-a7c6-9c2ed7999749): Hello World!
21:40:24.821 [Timer task] ERROR c.u.c.i.t.TestWorkflowMutableStateImpl - Failure trying to timeout a decision scheduledEventId=35
com.uber.cadence.WorkflowExecutionAlreadyCompletedError: Workflow is already completed: CONTINUED_AS_NEW
	at com.uber.cadence.internal.testservice.TestWorkflowMutableStateImpl.checkCompleted(TestWorkflowMutableStateImpl.java:1246)
	at com.uber.cadence.internal.testservice.TestWorkflowMutableStateImpl.update(TestWorkflowMutableStateImpl.java:231)
	at com.uber.cadence.internal.testservice.TestWorkflowMutableStateImpl.completeDecisionUpdate(TestWorkflowMutableStateImpl.java:220)
	at com.uber.cadence.internal.testservice.TestWorkflowMutableStateImpl.timeoutDecisionTask(TestWorkflowMutableStateImpl.java:749)
	at com.uber.cadence.internal.testservice.TestWorkflowMutableStateImpl.lambda$startDecisionTask$0(TestWorkflowMutableStateImpl.java:320)
	at com.uber.cadence.internal.testservice.SelfAdvancingTimerImpl$TimerPump.lambda$runLocked$0(SelfAdvancingTimerImpl.java:99)
	at java.base/java.util.concurrent.ThreadPoolExecutor.runWorker(ThreadPoolExecutor.java:1128)
	at java.base/java.util.concurrent.ThreadPoolExecutor$Worker.run(ThreadPoolExecutor.java:628)
	at java.base/java.lang.Thread.run(Thread.java:829)
21:40:24.821 [Timer task] ERROR c.u.c.i.t.TestWorkflowMutableStateImpl - Failure trying to timeout a decision scheduledEventId=41
com.uber.cadence.WorkflowExecutionAlreadyCompletedError: Workflow is already completed: CONTINUED_AS_NEW
	at com.uber.cadence.internal.testservice.TestWorkflowMutableStateImpl.checkCompleted(TestWorkflowMutableStateImpl.java:1246)
	at com.uber.cadence.internal.testservice.TestWorkflowMutableStateImpl.update(TestWorkflowMutableStateImpl.java:231)
	at com.uber.cadence.internal.testservice.TestWorkflowMutableStateImpl.completeDecisionUpdate(TestWorkflowMutableStateImpl.java:220)
	at com.uber.cadence.internal.testservice.TestWorkflowMutableStateImpl.timeoutDecisionTask(TestWorkflowMutableStateImpl.java:749)
	at com.uber.cadence.internal.testservice.TestWorkflowMutableStateImpl.lambda$startDecisionTask$0(TestWorkflowMutableStateImpl.java:320)
	at com.uber.cadence.internal.testservice.SelfAdvancingTimerImpl$TimerPump.lambda$runLocked$0(SelfAdvancingTimerImpl.java:99)
	at java.base/java.util.concurrent.ThreadPoolExecutor.runWorker(ThreadPoolExecutor.java:1128)
	at java.base/java.util.concurrent.ThreadPoolExecutor$Worker.run(ThreadPoolExecutor.java:628)
	at java.base/java.lang.Thread.run(Thread.java:829)
From WorkflowExecution(workflowId:HelloPeriodic, runId:e808019b-5653-4235-a7c6-9c2ed7999749): Hello World!
21:40:24.822 [Timer task] ERROR c.u.c.i.t.TestWorkflowMutableStateImpl - Failure trying to timeout a decision scheduledEventId=46
com.uber.cadence.WorkflowExecutionAlreadyCompletedError: Workflow is already completed: CONTINUED_AS_NEW
	at com.uber.cadence.internal.testservice.TestWorkflowMutableStateImpl.checkCompleted(TestWorkflowMutableStateImpl.java:1246)
	at com.uber.cadence.internal.testservice.TestWorkflowMutableStateImpl.update(TestWorkflowMutableStateImpl.java:231)
	at com.uber.cadence.internal.testservice.TestWorkflowMutableStateImpl.completeDecisionUpdate(TestWorkflowMutableStateImpl.java:220)
	at com.uber.cadence.internal.testservice.TestWorkflowMutableStateImpl.timeoutDecisionTask(TestWorkflowMutableStateImpl.java:749)
	at com.uber.cadence.internal.testservice.TestWorkflowMutableStateImpl.lambda$startDecisionTask$0(TestWorkflowMutableStateImpl.java:320)
	at com.uber.cadence.internal.testservice.SelfAdvancingTimerImpl$TimerPump.lambda$runLocked$0(SelfAdvancingTimerImpl.java:99)
	at java.base/java.util.concurrent.ThreadPoolExecutor.runWorker(ThreadPoolExecutor.java:1128)
	at java.base/java.util.concurrent.ThreadPoolExecutor$Worker.run(ThreadPoolExecutor.java:628)
	at java.base/java.lang.Thread.run(Thread.java:829)
21:40:24.822 [Timer task] ERROR c.u.c.i.t.TestWorkflowMutableStateImpl - Failure trying to timeout a decision scheduledEventId=52
com.uber.cadence.WorkflowExecutionAlreadyCompletedError: Workflow is already completed: CONTINUED_AS_NEW
	at com.uber.cadence.internal.testservice.TestWorkflowMutableStateImpl.checkCompleted(TestWorkflowMutableStateImpl.java:1246)
	at com.uber.cadence.internal.testservice.TestWorkflowMutableStateImpl.update(TestWorkflowMutableStateImpl.java:231)
	at com.uber.cadence.internal.testservice.TestWorkflowMutableStateImpl.completeDecisionUpdate(TestWorkflowMutableStateImpl.java:220)
	at com.uber.cadence.internal.testservice.TestWorkflowMutableStateImpl.timeoutDecisionTask(TestWorkflowMutableStateImpl.java:749)
	at com.uber.cadence.internal.testservice.TestWorkflowMutableStateImpl.lambda$startDecisionTask$0(TestWorkflowMutableStateImpl.java:320)
	at com.uber.cadence.internal.testservice.SelfAdvancingTimerImpl$TimerPump.lambda$runLocked$0(SelfAdvancingTimerImpl.java:99)
	at java.base/java.util.concurrent.ThreadPoolExecutor.runWorker(ThreadPoolExecutor.java:1128)
	at java.base/java.util.concurrent.ThreadPoolExecutor$Worker.run(ThreadPoolExecutor.java:628)
	at java.base/java.lang.Thread.run(Thread.java:829)
From WorkflowExecution(workflowId:HelloPeriodic, runId:e808019b-5653-4235-a7c6-9c2ed7999749): Hello World!
21:40:24.823 [Timer task] ERROR c.u.c.i.t.TestWorkflowMutableStateImpl - Failure trying to timeout a decision scheduledEventId=57
com.uber.cadence.WorkflowExecutionAlreadyCompletedError: Workflow is already completed: CONTINUED_AS_NEW
	at com.uber.cadence.internal.testservice.TestWorkflowMutableStateImpl.checkCompleted(TestWorkflowMutableStateImpl.java:1246)
	at com.uber.cadence.internal.testservice.TestWorkflowMutableStateImpl.update(TestWorkflowMutableStateImpl.java:231)
	at com.uber.cadence.internal.testservice.TestWorkflowMutableStateImpl.completeDecisionUpdate(TestWorkflowMutableStateImpl.java:220)
	at com.uber.cadence.internal.testservice.TestWorkflowMutableStateImpl.timeoutDecisionTask(TestWorkflowMutableStateImpl.java:749)
	at com.uber.cadence.internal.testservice.TestWorkflowMutableStateImpl.lambda$startDecisionTask$0(TestWorkflowMutableStateImpl.java:320)
	at com.uber.cadence.internal.testservice.SelfAdvancingTimerImpl$TimerPump.lambda$runLocked$0(SelfAdvancingTimerImpl.java:99)
	at java.base/java.util.concurrent.ThreadPoolExecutor.runWorker(ThreadPoolExecutor.java:1128)
	at java.base/java.util.concurrent.ThreadPoolExecutor$Worker.run(ThreadPoolExecutor.java:628)
	at java.base/java.lang.Thread.run(Thread.java:829)
21:40:24.823 [Timer task] ERROR c.u.c.i.t.TestWorkflowMutableStateImpl - Failure trying to timeout a decision scheduledEventId=63
com.uber.cadence.WorkflowExecutionAlreadyCompletedError: Workflow is already completed: CONTINUED_AS_NEW
	at com.uber.cadence.internal.testservice.TestWorkflowMutableStateImpl.checkCompleted(TestWorkflowMutableStateImpl.java:1246)
	at com.uber.cadence.internal.testservice.TestWorkflowMutableStateImpl.update(TestWorkflowMutableStateImpl.java:231)
	at com.uber.cadence.internal.testservice.TestWorkflowMutableStateImpl.completeDecisionUpdate(TestWorkflowMutableStateImpl.java:220)
	at com.uber.cadence.internal.testservice.TestWorkflowMutableStateImpl.timeoutDecisionTask(TestWorkflowMutableStateImpl.java:749)
	at com.uber.cadence.internal.testservice.TestWorkflowMutableStateImpl.lambda$startDecisionTask$0(TestWorkflowMutableStateImpl.java:320)
	at com.uber.cadence.internal.testservice.SelfAdvancingTimerImpl$TimerPump.lambda$runLocked$0(SelfAdvancingTimerImpl.java:99)
	at java.base/java.util.concurrent.ThreadPoolExecutor.runWorker(ThreadPoolExecutor.java:1128)
	at java.base/java.util.concurrent.ThreadPoolExecutor$Worker.run(ThreadPoolExecutor.java:628)
	at java.base/java.lang.Thread.run(Thread.java:829)
From WorkflowExecution(workflowId:HelloPeriodic, runId:e808019b-5653-4235-a7c6-9c2ed7999749): Hello World!
21:40:24.823 [Timer task] ERROR c.u.c.i.t.TestWorkflowMutableStateImpl - Failure trying to timeout a decision scheduledEventId=68
com.uber.cadence.WorkflowExecutionAlreadyCompletedError: Workflow is already completed: CONTINUED_AS_NEW
	at com.uber.cadence.internal.testservice.TestWorkflowMutableStateImpl.checkCompleted(TestWorkflowMutableStateImpl.java:1246)
	at com.uber.cadence.internal.testservice.TestWorkflowMutableStateImpl.update(TestWorkflowMutableStateImpl.java:231)
	at com.uber.cadence.internal.testservice.TestWorkflowMutableStateImpl.completeDecisionUpdate(TestWorkflowMutableStateImpl.java:220)
	at com.uber.cadence.internal.testservice.TestWorkflowMutableStateImpl.timeoutDecisionTask(TestWorkflowMutableStateImpl.java:749)
	at com.uber.cadence.internal.testservice.TestWorkflowMutableStateImpl.lambda$startDecisionTask$0(TestWorkflowMutableStateImpl.java:320)
	at com.uber.cadence.internal.testservice.SelfAdvancingTimerImpl$TimerPump.lambda$runLocked$0(SelfAdvancingTimerImpl.java:99)
	at java.base/java.util.concurrent.ThreadPoolExecutor.runWorker(ThreadPoolExecutor.java:1128)
	at java.base/java.util.concurrent.ThreadPoolExecutor$Worker.run(ThreadPoolExecutor.java:628)
	at java.base/java.lang.Thread.run(Thread.java:829)
21:40:24.823 [Timer task] ERROR c.u.c.i.t.TestWorkflowMutableStateImpl - Failure trying to timeout a decision scheduledEventId=74
com.uber.cadence.WorkflowExecutionAlreadyCompletedError: Workflow is already completed: CONTINUED_AS_NEW
	at com.uber.cadence.internal.testservice.TestWorkflowMutableStateImpl.checkCompleted(TestWorkflowMutableStateImpl.java:1246)
	at com.uber.cadence.internal.testservice.TestWorkflowMutableStateImpl.update(TestWorkflowMutableStateImpl.java:231)
	at com.uber.cadence.internal.testservice.TestWorkflowMutableStateImpl.completeDecisionUpdate(TestWorkflowMutableStateImpl.java:220)
	at com.uber.cadence.internal.testservice.TestWorkflowMutableStateImpl.timeoutDecisionTask(TestWorkflowMutableStateImpl.java:749)
	at com.uber.cadence.internal.testservice.TestWorkflowMutableStateImpl.lambda$startDecisionTask$0(TestWorkflowMutableStateImpl.java:320)
	at com.uber.cadence.internal.testservice.SelfAdvancingTimerImpl$TimerPump.lambda$runLocked$0(SelfAdvancingTimerImpl.java:99)
	at java.base/java.util.concurrent.ThreadPoolExecutor.runWorker(ThreadPoolExecutor.java:1128)
	at java.base/java.util.concurrent.ThreadPoolExecutor$Worker.run(ThreadPoolExecutor.java:628)
	at java.base/java.lang.Thread.run(Thread.java:829)
From WorkflowExecution(workflowId:HelloPeriodic, runId:e808019b-5653-4235-a7c6-9c2ed7999749): Hello World!
21:40:24.824 [Timer task] ERROR c.u.c.i.t.TestWorkflowMutableStateImpl - Failure trying to timeout a decision scheduledEventId=79
com.uber.cadence.WorkflowExecutionAlreadyCompletedError: Workflow is already completed: CONTINUED_AS_NEW
	at com.uber.cadence.internal.testservice.TestWorkflowMutableStateImpl.checkCompleted(TestWorkflowMutableStateImpl.java:1246)
	at com.uber.cadence.internal.testservice.TestWorkflowMutableStateImpl.update(TestWorkflowMutableStateImpl.java:231)
	at com.uber.cadence.internal.testservice.TestWorkflowMutableStateImpl.completeDecisionUpdate(TestWorkflowMutableStateImpl.java:220)
	at com.uber.cadence.internal.testservice.TestWorkflowMutableStateImpl.timeoutDecisionTask(TestWorkflowMutableStateImpl.java:749)
	at com.uber.cadence.internal.testservice.TestWorkflowMutableStateImpl.lambda$startDecisionTask$0(TestWorkflowMutableStateImpl.java:320)
	at com.uber.cadence.internal.testservice.SelfAdvancingTimerImpl$TimerPump.lambda$runLocked$0(SelfAdvancingTimerImpl.java:99)
	at java.base/java.util.concurrent.ThreadPoolExecutor.runWorker(ThreadPoolExecutor.java:1128)
	at java.base/java.util.concurrent.ThreadPoolExecutor$Worker.run(ThreadPoolExecutor.java:628)
	at java.base/java.lang.Thread.run(Thread.java:829)
21:40:24.824 [Timer task] ERROR c.u.c.i.t.TestWorkflowMutableStateImpl - Failure trying to timeout a decision scheduledEventId=85
com.uber.cadence.WorkflowExecutionAlreadyCompletedError: Workflow is already completed: CONTINUED_AS_NEW
	at com.uber.cadence.internal.testservice.TestWorkflowMutableStateImpl.checkCompleted(TestWorkflowMutableStateImpl.java:1246)
	at com.uber.cadence.internal.testservice.TestWorkflowMutableStateImpl.update(TestWorkflowMutableStateImpl.java:231)
	at com.uber.cadence.internal.testservice.TestWorkflowMutableStateImpl.completeDecisionUpdate(TestWorkflowMutableStateImpl.java:220)
	at com.uber.cadence.internal.testservice.TestWorkflowMutableStateImpl.timeoutDecisionTask(TestWorkflowMutableStateImpl.java:749)
	at com.uber.cadence.internal.testservice.TestWorkflowMutableStateImpl.lambda$startDecisionTask$0(TestWorkflowMutableStateImpl.java:320)
	at com.uber.cadence.internal.testservice.SelfAdvancingTimerImpl$TimerPump.lambda$runLocked$0(SelfAdvancingTimerImpl.java:99)
	at java.base/java.util.concurrent.ThreadPoolExecutor.runWorker(ThreadPoolExecutor.java:1128)
	at java.base/java.util.concurrent.ThreadPoolExecutor$Worker.run(ThreadPoolExecutor.java:628)
	at java.base/java.lang.Thread.run(Thread.java:829)
From WorkflowExecution(workflowId:HelloPeriodic, runId:e808019b-5653-4235-a7c6-9c2ed7999749): Hello World!
21:40:24.825 [Timer task] ERROR c.u.c.i.t.TestWorkflowMutableStateImpl - Failure trying to timeout a decision scheduledEventId=90
com.uber.cadence.WorkflowExecutionAlreadyCompletedError: Workflow is already completed: CONTINUED_AS_NEW
	at com.uber.cadence.internal.testservice.TestWorkflowMutableStateImpl.checkCompleted(TestWorkflowMutableStateImpl.java:1246)
	at com.uber.cadence.internal.testservice.TestWorkflowMutableStateImpl.update(TestWorkflowMutableStateImpl.java:231)
	at com.uber.cadence.internal.testservice.TestWorkflowMutableStateImpl.completeDecisionUpdate(TestWorkflowMutableStateImpl.java:220)
	at com.uber.cadence.internal.testservice.TestWorkflowMutableStateImpl.timeoutDecisionTask(TestWorkflowMutableStateImpl.java:749)
	at com.uber.cadence.internal.testservice.TestWorkflowMutableStateImpl.lambda$startDecisionTask$0(TestWorkflowMutableStateImpl.java:320)
	at com.uber.cadence.internal.testservice.SelfAdvancingTimerImpl$TimerPump.lambda$runLocked$0(SelfAdvancingTimerImpl.java:99)
	at java.base/java.util.concurrent.ThreadPoolExecutor.runWorker(ThreadPoolExecutor.java:1128)
	at java.base/java.util.concurrent.ThreadPoolExecutor$Worker.run(ThreadPoolExecutor.java:628)
	at java.base/java.lang.Thread.run(Thread.java:829)
21:40:24.825 [Timer task] ERROR c.u.c.i.t.TestWorkflowMutableStateImpl - Failure trying to timeout a decision scheduledEventId=96
com.uber.cadence.WorkflowExecutionAlreadyCompletedError: Workflow is already completed: CONTINUED_AS_NEW
	at com.uber.cadence.internal.testservice.TestWorkflowMutableStateImpl.checkCompleted(TestWorkflowMutableStateImpl.java:1246)
	at com.uber.cadence.internal.testservice.TestWorkflowMutableStateImpl.update(TestWorkflowMutableStateImpl.java:231)
	at com.uber.cadence.internal.testservice.TestWorkflowMutableStateImpl.completeDecisionUpdate(TestWorkflowMutableStateImpl.java:220)
	at com.uber.cadence.internal.testservice.TestWorkflowMutableStateImpl.timeoutDecisionTask(TestWorkflowMutableStateImpl.java:749)
	at com.uber.cadence.internal.testservice.TestWorkflowMutableStateImpl.lambda$startDecisionTask$0(TestWorkflowMutableStateImpl.java:320)
	at com.uber.cadence.internal.testservice.SelfAdvancingTimerImpl$TimerPump.lambda$runLocked$0(SelfAdvancingTimerImpl.java:99)
	at java.base/java.util.concurrent.ThreadPoolExecutor.runWorker(ThreadPoolExecutor.java:1128)
	at java.base/java.util.concurrent.ThreadPoolExecutor$Worker.run(ThreadPoolExecutor.java:628)
	at java.base/java.lang.Thread.run(Thread.java:829)
From WorkflowExecution(workflowId:HelloPeriodic, runId:e808019b-5653-4235-a7c6-9c2ed7999749): Hello World!
21:40:24.826 [Timer task] ERROR c.u.c.i.t.TestWorkflowMutableStateImpl - Failure trying to timeout a decision scheduledEventId=107
com.uber.cadence.WorkflowExecutionAlreadyCompletedError: Workflow is already completed: CONTINUED_AS_NEW
	at com.uber.cadence.internal.testservice.TestWorkflowMutableStateImpl.checkCompleted(TestWorkflowMutableStateImpl.java:1246)
	at com.uber.cadence.internal.testservice.TestWorkflowMutableStateImpl.update(TestWorkflowMutableStateImpl.java:231)
	at com.uber.cadence.internal.testservice.TestWorkflowMutableStateImpl.completeDecisionUpdate(TestWorkflowMutableStateImpl.java:220)
	at com.uber.cadence.internal.testservice.TestWorkflowMutableStateImpl.timeoutDecisionTask(TestWorkflowMutableStateImpl.java:749)
	at com.uber.cadence.internal.testservice.TestWorkflowMutableStateImpl.lambda$startDecisionTask$0(TestWorkflowMutableStateImpl.java:320)
	at com.uber.cadence.internal.testservice.SelfAdvancingTimerImpl$TimerPump.lambda$runLocked$0(SelfAdvancingTimerImpl.java:99)
	at java.base/java.util.concurrent.ThreadPoolExecutor.runWorker(ThreadPoolExecutor.java:1128)
	at java.base/java.util.concurrent.ThreadPoolExecutor$Worker.run(ThreadPoolExecutor.java:628)
	at java.base/java.lang.Thread.run(Thread.java:829)
21:40:24.826 [Timer task] ERROR c.u.c.i.t.TestWorkflowMutableStateImpl - Failure trying to timeout a decision scheduledEventId=101
com.uber.cadence.WorkflowExecutionAlreadyCompletedError: Workflow is already completed: CONTINUED_AS_NEW
	at com.uber.cadence.internal.testservice.TestWorkflowMutableStateImpl.checkCompleted(TestWorkflowMutableStateImpl.java:1246)
	at com.uber.cadence.internal.testservice.TestWorkflowMutableStateImpl.update(TestWorkflowMutableStateImpl.java:231)
	at com.uber.cadence.internal.testservice.TestWorkflowMutableStateImpl.completeDecisionUpdate(TestWorkflowMutableStateImpl.java:220)
	at com.uber.cadence.internal.testservice.TestWorkflowMutableStateImpl.timeoutDecisionTask(TestWorkflowMutableStateImpl.java:749)
	at com.uber.cadence.internal.testservice.TestWorkflowMutableStateImpl.lambda$startDecisionTask$0(TestWorkflowMutableStateImpl.java:320)
	at com.uber.cadence.internal.testservice.SelfAdvancingTimerImpl$TimerPump.lambda$runLocked$0(SelfAdvancingTimerImpl.java:99)
	at java.base/java.util.concurrent.ThreadPoolExecutor.runWorker(ThreadPoolExecutor.java:1128)
	at java.base/java.util.concurrent.ThreadPoolExecutor$Worker.run(ThreadPoolExecutor.java:628)
	at java.base/java.lang.Thread.run(Thread.java:829)
From WorkflowExecution(workflowId:HelloPeriodic, runId:e808019b-5653-4235-a7c6-9c2ed7999749): Hello World!
21:40:24.827 [Timer task] ERROR c.u.c.i.t.TestWorkflowMutableStateImpl - Failure trying to timeout a decision scheduledEventId=112
com.uber.cadence.WorkflowExecutionAlreadyCompletedError: Workflow is already completed: CONTINUED_AS_NEW
	at com.uber.cadence.internal.testservice.TestWorkflowMutableStateImpl.checkCompleted(TestWorkflowMutableStateImpl.java:1246)
	at com.uber.cadence.internal.testservice.TestWorkflowMutableStateImpl.update(TestWorkflowMutableStateImpl.java:231)
	at com.uber.cadence.internal.testservice.TestWorkflowMutableStateImpl.completeDecisionUpdate(TestWorkflowMutableStateImpl.java:220)
	at com.uber.cadence.internal.testservice.TestWorkflowMutableStateImpl.timeoutDecisionTask(TestWorkflowMutableStateImpl.java:749)
	at com.uber.cadence.internal.testservice.TestWorkflowMutableStateImpl.lambda$startDecisionTask$0(TestWorkflowMutableStateImpl.java:320)
	at com.uber.cadence.internal.testservice.SelfAdvancingTimerImpl$TimerPump.lambda$runLocked$0(SelfAdvancingTimerImpl.java:99)
	at java.base/java.util.concurrent.ThreadPoolExecutor.runWorker(ThreadPoolExecutor.java:1128)
	at java.base/java.util.concurrent.ThreadPoolExecutor$Worker.run(ThreadPoolExecutor.java:628)
	at java.base/java.lang.Thread.run(Thread.java:829)
From WorkflowExecution(workflowId:HelloPeriodic, runId:0e052e26-b083-4d2f-8553-9c8ca1fddd53): Hello World!
21:40:24.829 [Timer task] ERROR c.u.c.i.t.TestWorkflowMutableStateImpl - Failure trying to timeout a decision scheduledEventId=13
com.uber.cadence.WorkflowExecutionAlreadyCompletedError: Workflow is already completed: CONTINUED_AS_NEW
	at com.uber.cadence.internal.testservice.TestWorkflowMutableStateImpl.checkCompleted(TestWorkflowMutableStateImpl.java:1246)
	at com.uber.cadence.internal.testservice.TestWorkflowMutableStateImpl.update(TestWorkflowMutableStateImpl.java:231)
	at com.uber.cadence.internal.testservice.TestWorkflowMutableStateImpl.completeDecisionUpdate(TestWorkflowMutableStateImpl.java:220)
	at com.uber.cadence.internal.testservice.TestWorkflowMutableStateImpl.timeoutDecisionTask(TestWorkflowMutableStateImpl.java:749)
	at com.uber.cadence.internal.testservice.TestWorkflowMutableStateImpl.lambda$startDecisionTask$0(TestWorkflowMutableStateImpl.java:320)
	at com.uber.cadence.internal.testservice.SelfAdvancingTimerImpl$TimerPump.lambda$runLocked$0(SelfAdvancingTimerImpl.java:99)
	at java.base/java.util.concurrent.ThreadPoolExecutor.runWorker(ThreadPoolExecutor.java:1128)
	at java.base/java.util.concurrent.ThreadPoolExecutor$Worker.run(ThreadPoolExecutor.java:628)
	at java.base/java.lang.Thread.run(Thread.java:829)
21:40:24.829 [Timer task] ERROR c.u.c.i.t.TestWorkflowMutableStateImpl - Failure trying to timeout a decision scheduledEventId=19
com.uber.cadence.WorkflowExecutionAlreadyCompletedError: Workflow is already completed: CONTINUED_AS_NEW
	at com.uber.cadence.internal.testservice.TestWorkflowMutableStateImpl.checkCompleted(TestWorkflowMutableStateImpl.java:1246)
	at com.uber.cadence.internal.testservice.TestWorkflowMutableStateImpl.update(TestWorkflowMutableStateImpl.java:231)
	at com.uber.cadence.internal.testservice.TestWorkflowMutableStateImpl.completeDecisionUpdate(TestWorkflowMutableStateImpl.java:220)
	at com.uber.cadence.internal.testservice.TestWorkflowMutableStateImpl.timeoutDecisionTask(TestWorkflowMutableStateImpl.java:749)
	at com.uber.cadence.internal.testservice.TestWorkflowMutableStateImpl.lambda$startDecisionTask$0(TestWorkflowMutableStateImpl.java:320)
	at com.uber.cadence.internal.testservice.SelfAdvancingTimerImpl$TimerPump.lambda$runLocked$0(SelfAdvancingTimerImpl.java:99)
	at java.base/java.util.concurrent.ThreadPoolExecutor.runWorker(ThreadPoolExecutor.java:1128)
	at java.base/java.util.concurrent.ThreadPoolExecutor$Worker.run(ThreadPoolExecutor.java:628)
	at java.base/java.lang.Thread.run(Thread.java:829)
From WorkflowExecution(workflowId:HelloPeriodic, runId:0e052e26-b083-4d2f-8553-9c8ca1fddd53): Hello World!
21:40:24.830 [Timer task] ERROR c.u.c.i.t.TestWorkflowMutableStateImpl - Failure trying to timeout a decision scheduledEventId=24
com.uber.cadence.WorkflowExecutionAlreadyCompletedError: Workflow is already completed: CONTINUED_AS_NEW
	at com.uber.cadence.internal.testservice.TestWorkflowMutableStateImpl.checkCompleted(TestWorkflowMutableStateImpl.java:1246)
	at com.uber.cadence.internal.testservice.TestWorkflowMutableStateImpl.update(TestWorkflowMutableStateImpl.java:231)
	at com.uber.cadence.internal.testservice.TestWorkflowMutableStateImpl.completeDecisionUpdate(TestWorkflowMutableStateImpl.java:220)
	at com.uber.cadence.internal.testservice.TestWorkflowMutableStateImpl.timeoutDecisionTask(TestWorkflowMutableStateImpl.java:749)
	at com.uber.cadence.internal.testservice.TestWorkflowMutableStateImpl.lambda$startDecisionTask$0(TestWorkflowMutableStateImpl.java:320)
	at com.uber.cadence.internal.testservice.SelfAdvancingTimerImpl$TimerPump.lambda$runLocked$0(SelfAdvancingTimerImpl.java:99)
	at java.base/java.util.concurrent.ThreadPoolExecutor.runWorker(ThreadPoolExecutor.java:1128)
	at java.base/java.util.concurrent.ThreadPoolExecutor$Worker.run(ThreadPoolExecutor.java:628)
	at java.base/java.lang.Thread.run(Thread.java:829)
21:40:24.830 [Timer task] ERROR c.u.c.i.t.TestWorkflowMutableStateImpl - Failure trying to timeout a decision scheduledEventId=30
com.uber.cadence.WorkflowExecutionAlreadyCompletedError: Workflow is already completed: CONTINUED_AS_NEW
[...]
com.uber.cadence.WorkflowExecutionAlreadyCompletedError: Workflow is already completed: CONTINUED_AS_NEW
	at com.uber.cadence.internal.testservice.TestWorkflowMutableStateImpl.checkCompleted(TestWorkflowMutableStateImpl.java:1246)
	at com.uber.cadence.internal.testservice.TestWorkflowMutableStateImpl.update(TestWorkflowMutableStateImpl.java:231)
	at com.uber.cadence.internal.testservice.TestWorkflowMutableStateImpl.completeDecisionUpdate(TestWorkflowMutableStateImpl.java:220)
	at com.uber.cadence.internal.testservice.TestWorkflowMutableStateImpl.timeoutDecisionTask(TestWorkflowMutableStateImpl.java:749)
	at com.uber.cadence.internal.testservice.TestWorkflowMutableStateImpl.lambda$startDecisionTask$0(TestWorkflowMutableStateImpl.java:320)
	at com.uber.cadence.internal.testservice.SelfAdvancingTimerImpl$TimerPump.lambda$runLocked$0(SelfAdvancingTimerImpl.java:99)
	at java.base/java.util.concurrent.ThreadPoolExecutor.runWorker(ThreadPoolExecutor.java:1128)
	at java.base/java.util.concurrent.ThreadPoolExecutor$Worker.run(ThreadPoolExecutor.java:628)
	at java.base/java.lang.Thread.run(Thread.java:829)
21:40:24.893 [Timer task] ERROR c.u.c.i.t.TestWorkflowMutableStateImpl - Failure trying to timeout a decision scheduledEventId=30
com.uber.cadence.WorkflowExecutionAlreadyCompletedError: Workflow is already completed: CONTINUED_AS_NEW
	at com.uber.cadence.internal.testservice.TestWorkflowMutableStateImpl.checkCompleted(TestWorkflowMutableStateImpl.java:1246)
	at com.uber.cadence.internal.testservice.TestWorkflowMutableStateImpl.update(TestWorkflowMutableStateImpl.java:231)
	at com.uber.cadence.internal.testservice.TestWorkflowMutableStateImpl.completeDecisionUpdate(TestWorkflowMutableStateImpl.java:220)
	at com.uber.cadence.internal.testservice.TestWorkflowMutableStateImpl.timeoutDecisionTask(TestWorkflowMutableStateImpl.java:749)
	at com.uber.cadence.internal.testservice.TestWorkflowMutableStateImpl.lambda$startDecisionTask$0(TestWorkflowMutableStateImpl.java:320)
	at com.uber.cadence.internal.testservice.SelfAdvancingTimerImpl$TimerPump.lambda$runLocked$0(SelfAdvancingTimerImpl.java:99)
	at java.base/java.util.concurrent.ThreadPoolExecutor.runWorker(ThreadPoolExecutor.java:1128)
	at java.base/java.util.concurrent.ThreadPoolExecutor$Worker.run(ThreadPoolExecutor.java:628)
	at java.base/java.lang.Thread.run(Thread.java:829)
21:40:24.894 [Timer task] ERROR c.u.c.i.t.TestWorkflowMutableStateImpl - Failure trying to timeout a decision scheduledEventId=41
com.uber.cadence.WorkflowExecutionAlreadyCompletedError: Workflow is already completed: CONTINUED_AS_NEW
	at com.uber.cadence.internal.testservice.TestWorkflowMutableStateImpl.checkCompleted(TestWorkflowMutableStateImpl.java:1246)
	at com.uber.cadence.internal.testservice.TestWorkflowMutableStateImpl.update(TestWorkflowMutableStateImpl.java:231)
	at com.uber.cadence.internal.testservice.TestWorkflowMutableStateImpl.completeDecisionUpdate(TestWorkflowMutableStateImpl.java:220)
	at com.uber.cadence.internal.testservice.TestWorkflowMutableStateImpl.timeoutDecisionTask(TestWorkflowMutableStateImpl.java:749)
	at com.uber.cadence.internal.testservice.TestWorkflowMutableStateImpl.lambda$startDecisionTask$0(TestWorkflowMutableStateImpl.java:320)
	at com.uber.cadence.internal.testservice.SelfAdvancingTimerImpl$TimerPump.lambda$runLocked$0(SelfAdvancingTimerImpl.java:99)
	at java.base/java.util.concurrent.ThreadPoolExecutor.runWorker(ThreadPoolExecutor.java:1128)
	at java.base/java.util.concurrent.ThreadPoolExecutor$Worker.run(ThreadPoolExecutor.java:628)
	at java.base/java.lang.Thread.run(Thread.java:829)
21:40:24.894 [Timer task] ERROR c.u.c.i.t.TestWorkflowMutableStateImpl - Failure trying to timeout a decision scheduledEventId=35
com.uber.cadence.WorkflowExecutionAlreadyCompletedError: Workflow is already completed: CONTINUED_AS_NEW
	at com.uber.cadence.internal.testservice.TestWorkflowMutableStateImpl.checkCompleted(TestWorkflowMutableStateImpl.java:1246)
	at com.uber.cadence.internal.testservice.TestWorkflowMutableStateImpl.update(TestWorkflowMutableStateImpl.java:231)
	at com.uber.cadence.internal.testservice.TestWorkflowMutableStateImpl.completeDecisionUpdate(TestWorkflowMutableStateImpl.java:220)
	at com.uber.cadence.internal.testservice.TestWorkflowMutableStateImpl.timeoutDecisionTask(TestWorkflowMutableStateImpl.java:749)
	at com.uber.cadence.internal.testservice.TestWorkflowMutableStateImpl.lambda$startDecisionTask$0(TestWorkflowMutableStateImpl.java:320)
	at com.uber.cadence.internal.testservice.SelfAdvancingTimerImpl$TimerPump.lambda$runLocked$0(SelfAdvancingTimerImpl.java:99)
	at java.base/java.util.concurrent.ThreadPoolExecutor.runWorker(ThreadPoolExecutor.java:1128)
	at java.base/java.util.concurrent.ThreadPoolExecutor$Worker.run(ThreadPoolExecutor.java:628)
	at java.base/java.lang.Thread.run(Thread.java:829)
21:40:24.894 [Timer task] ERROR c.u.c.i.t.TestWorkflowMutableStateImpl - Failure trying to timeout a decision scheduledEventId=46
com.uber.cadence.WorkflowExecutionAlreadyCompletedError: Workflow is already completed: CONTINUED_AS_NEW
	at com.uber.cadence.internal.testservice.TestWorkflowMutableStateImpl.checkCompleted(TestWorkflowMutableStateImpl.java:1246)
	at com.uber.cadence.internal.testservice.TestWorkflowMutableStateImpl.update(TestWorkflowMutableStateImpl.java:231)
	at com.uber.cadence.internal.testservice.TestWorkflowMutableStateImpl.completeDecisionUpdate(TestWorkflowMutableStateImpl.java:220)
	at com.uber.cadence.internal.testservice.TestWorkflowMutableStateImpl.timeoutDecisionTask(TestWorkflowMutableStateImpl.java:749)
	at com.uber.cadence.internal.testservice.TestWorkflowMutableStateImpl.lambda$startDecisionTask$0(TestWorkflowMutableStateImpl.java:320)
	at com.uber.cadence.internal.testservice.SelfAdvancingTimerImpl$TimerPump.lambda$runLocked$0(SelfAdvancingTimerImpl.java:99)
	at java.base/java.util.concurrent.ThreadPoolExecutor.runWorker(ThreadPoolExecutor.java:1128)
	at java.base/java.util.concurrent.ThreadPoolExecutor$Worker.run(ThreadPoolExecutor.java:628)
	at java.base/java.lang.Thread.run(Thread.java:829)
21:40:24.894 [Timer task] ERROR c.u.c.i.t.TestWorkflowMutableStateImpl - Failure trying to timeout a decision scheduledEventId=52
com.uber.cadence.WorkflowExecutionAlreadyCompletedError: Workflow is already completed: CONTINUED_AS_NEW
	at com.uber.cadence.internal.testservice.TestWorkflowMutableStateImpl.checkCompleted(TestWorkflowMutableStateImpl.java:1246)
	at com.uber.cadence.internal.testservice.TestWorkflowMutableStateImpl.update(TestWorkflowMutableStateImpl.java:231)
	at com.uber.cadence.internal.testservice.TestWorkflowMutableStateImpl.completeDecisionUpdate(TestWorkflowMutableStateImpl.java:220)
	at com.uber.cadence.internal.testservice.TestWorkflowMutableStateImpl.timeoutDecisionTask(TestWorkflowMutableStateImpl.java:749)
	at com.uber.cadence.internal.testservice.TestWorkflowMutableStateImpl.lambda$startDecisionTask$0(TestWorkflowMutableStateImpl.java:320)
	at com.uber.cadence.internal.testservice.SelfAdvancingTimerImpl$TimerPump.lambda$runLocked$0(SelfAdvancingTimerImpl.java:99)
	at java.base/java.util.concurrent.ThreadPoolExecutor.runWorker(ThreadPoolExecutor.java:1128)
	at java.base/java.util.concurrent.ThreadPoolExecutor$Worker.run(ThreadPoolExecutor.java:628)
	at java.base/java.lang.Thread.run(Thread.java:829)
21:40:24.895 [Timer task] ERROR c.u.c.i.t.TestWorkflowMutableStateImpl - Failure trying to timeout a decision scheduledEventId=57
com.uber.cadence.WorkflowExecutionAlreadyCompletedError: Workflow is already completed: CONTINUED_AS_NEW
	at com.uber.cadence.internal.testservice.TestWorkflowMutableStateImpl.checkCompleted(TestWorkflowMutableStateImpl.java:1246)
	at com.uber.cadence.internal.testservice.TestWorkflowMutableStateImpl.update(TestWorkflowMutableStateImpl.java:231)
	at com.uber.cadence.internal.testservice.TestWorkflowMutableStateImpl.completeDecisionUpdate(TestWorkflowMutableStateImpl.java:220)
	at com.uber.cadence.internal.testservice.TestWorkflowMutableStateImpl.timeoutDecisionTask(TestWorkflowMutableStateImpl.java:749)
	at com.uber.cadence.internal.testservice.TestWorkflowMutableStateImpl.lambda$startDecisionTask$0(TestWorkflowMutableStateImpl.java:320)
	at com.uber.cadence.internal.testservice.SelfAdvancingTimerImpl$TimerPump.lambda$runLocked$0(SelfAdvancingTimerImpl.java:99)
	at java.base/java.util.concurrent.ThreadPoolExecutor.runWorker(ThreadPoolExecutor.java:1128)
	at java.base/java.util.concurrent.ThreadPoolExecutor$Worker.run(ThreadPoolExecutor.java:628)
	at java.base/java.lang.Thread.run(Thread.java:829)
21:40:24.895 [Timer task] ERROR c.u.c.i.t.TestWorkflowMutableStateImpl - Failure trying to timeout a decision scheduledEventId=63
com.uber.cadence.WorkflowExecutionAlreadyCompletedError: Workflow is already completed: CONTINUED_AS_NEW
	at com.uber.cadence.internal.testservice.TestWorkflowMutableStateImpl.checkCompleted(TestWorkflowMutableStateImpl.java:1246)
	at com.uber.cadence.internal.testservice.TestWorkflowMutableStateImpl.update(TestWorkflowMutableStateImpl.java:231)
	at com.uber.cadence.internal.testservice.TestWorkflowMutableStateImpl.completeDecisionUpdate(TestWorkflowMutableStateImpl.java:220)
	at com.uber.cadence.internal.testservice.TestWorkflowMutableStateImpl.timeoutDecisionTask(TestWorkflowMutableStateImpl.java:749)
	at com.uber.cadence.internal.testservice.TestWorkflowMutableStateImpl.lambda$startDecisionTask$0(TestWorkflowMutableStateImpl.java:320)
	at com.uber.cadence.internal.testservice.SelfAdvancingTimerImpl$TimerPump.lambda$runLocked$0(SelfAdvancingTimerImpl.java:99)
	at java.base/java.util.concurrent.ThreadPoolExecutor.runWorker(ThreadPoolExecutor.java:1128)
	at java.base/java.util.concurrent.ThreadPoolExecutor$Worker.run(ThreadPoolExecutor.java:628)
	at java.base/java.lang.Thread.run(Thread.java:829)
21:40:24.896 [Timer task] ERROR c.u.c.i.t.TestWorkflowMutableStateImpl - Failure trying to timeout a decision scheduledEventId=68
com.uber.cadence.WorkflowExecutionAlreadyCompletedError: Workflow is already completed: CONTINUED_AS_NEW
	at com.uber.cadence.internal.testservice.TestWorkflowMutableStateImpl.checkCompleted(TestWorkflowMutableStateImpl.java:1246)
	at com.uber.cadence.internal.testservice.TestWorkflowMutableStateImpl.update(TestWorkflowMutableStateImpl.java:231)
	at com.uber.cadence.internal.testservice.TestWorkflowMutableStateImpl.completeDecisionUpdate(TestWorkflowMutableStateImpl.java:220)
	at com.uber.cadence.internal.testservice.TestWorkflowMutableStateImpl.timeoutDecisionTask(TestWorkflowMutableStateImpl.java:749)
	at com.uber.cadence.internal.testservice.TestWorkflowMutableStateImpl.lambda$startDecisionTask$0(TestWorkflowMutableStateImpl.java:320)
	at com.uber.cadence.internal.testservice.SelfAdvancingTimerImpl$TimerPump.lambda$runLocked$0(SelfAdvancingTimerImpl.java:99)
	at java.base/java.util.concurrent.ThreadPoolExecutor.runWorker(ThreadPoolExecutor.java:1128)
	at java.base/java.util.concurrent.ThreadPoolExecutor$Worker.run(ThreadPoolExecutor.java:628)
	at java.base/java.lang.Thread.run(Thread.java:829)
21:40:24.896 [Timer task] ERROR c.u.c.i.t.TestWorkflowMutableStateImpl - Failure trying to timeout a decision scheduledEventId=74
com.uber.cadence.WorkflowExecutionAlreadyCompletedError: Workflow is already completed: CONTINUED_AS_NEW
	at com.uber.cadence.internal.testservice.TestWorkflowMutableStateImpl.checkCompleted(TestWorkflowMutableStateImpl.java:1246)
	at com.uber.cadence.internal.testservice.TestWorkflowMutableStateImpl.update(TestWorkflowMutableStateImpl.java:231)
	at com.uber.cadence.internal.testservice.TestWorkflowMutableStateImpl.completeDecisionUpdate(TestWorkflowMutableStateImpl.java:220)
	at com.uber.cadence.internal.testservice.TestWorkflowMutableStateImpl.timeoutDecisionTask(TestWorkflowMutableStateImpl.java:749)
	at com.uber.cadence.internal.testservice.TestWorkflowMutableStateImpl.lambda$startDecisionTask$0(TestWorkflowMutableStateImpl.java:320)
	at com.uber.cadence.internal.testservice.SelfAdvancingTimerImpl$TimerPump.lambda$runLocked$0(SelfAdvancingTimerImpl.java:99)
	at java.base/java.util.concurrent.ThreadPoolExecutor.runWorker(ThreadPoolExecutor.java:1128)
	at java.base/java.util.concurrent.ThreadPoolExecutor$Worker.run(ThreadPoolExecutor.java:628)
	at java.base/java.lang.Thread.run(Thread.java:829)
21:40:24.896 [Timer task] ERROR c.u.c.i.t.TestWorkflowMutableStateImpl - Failure trying to timeout a decision scheduledEventId=79
com.uber.cadence.WorkflowExecutionAlreadyCompletedError: Workflow is already completed: CONTINUED_AS_NEW
	at com.uber.cadence.internal.testservice.TestWorkflowMutableStateImpl.checkCompleted(TestWorkflowMutableStateImpl.java:1246)
	at com.uber.cadence.internal.testservice.TestWorkflowMutableStateImpl.update(TestWorkflowMutableStateImpl.java:231)
	at com.uber.cadence.internal.testservice.TestWorkflowMutableStateImpl.completeDecisionUpdate(TestWorkflowMutableStateImpl.java:220)
	at com.uber.cadence.internal.testservice.TestWorkflowMutableStateImpl.timeoutDecisionTask(TestWorkflowMutableStateImpl.java:749)
	at com.uber.cadence.internal.testservice.TestWorkflowMutableStateImpl.lambda$startDecisionTask$0(TestWorkflowMutableStateImpl.java:320)
	at com.uber.cadence.internal.testservice.SelfAdvancingTimerImpl$TimerPump.lambda$runLocked$0(SelfAdvancingTimerImpl.java:99)
	at java.base/java.util.concurrent.ThreadPoolExecutor.runWorker(ThreadPoolExecutor.java:1128)
	at java.base/java.util.concurrent.ThreadPoolExecutor$Worker.run(ThreadPoolExecutor.java:628)
	at java.base/java.lang.Thread.run(Thread.java:829)
21:40:24.896 [Timer task] ERROR c.u.c.i.t.TestWorkflowMutableStateImpl - Failure trying to timeout a decision scheduledEventId=85
com.uber.cadence.WorkflowExecutionAlreadyCompletedError: Workflow is already completed: CONTINUED_AS_NEW
	at com.uber.cadence.internal.testservice.TestWorkflowMutableStateImpl.checkCompleted(TestWorkflowMutableStateImpl.java:1246)
	at com.uber.cadence.internal.testservice.TestWorkflowMutableStateImpl.update(TestWorkflowMutableStateImpl.java:231)
	at com.uber.cadence.internal.testservice.TestWorkflowMutableStateImpl.completeDecisionUpdate(TestWorkflowMutableStateImpl.java:220)
	at com.uber.cadence.internal.testservice.TestWorkflowMutableStateImpl.timeoutDecisionTask(TestWorkflowMutableStateImpl.java:749)
	at com.uber.cadence.internal.testservice.TestWorkflowMutableStateImpl.lambda$startDecisionTask$0(TestWorkflowMutableStateImpl.java:320)
	at com.uber.cadence.internal.testservice.SelfAdvancingTimerImpl$TimerPump.lambda$runLocked$0(SelfAdvancingTimerImpl.java:99)
	at java.base/java.util.concurrent.ThreadPoolExecutor.runWorker(ThreadPoolExecutor.java:1128)
	at java.base/java.util.concurrent.ThreadPoolExecutor$Worker.run(ThreadPoolExecutor.java:628)
	at java.base/java.lang.Thread.run(Thread.java:829)
21:40:24.897 [Timer task] ERROR c.u.c.i.t.TestWorkflowMutableStateImpl - Failure trying to timeout a decision scheduledEventId=96
com.uber.cadence.WorkflowExecutionAlreadyCompletedError: Workflow is already completed: CONTINUED_AS_NEW
	at com.uber.cadence.internal.testservice.TestWorkflowMutableStateImpl.checkCompleted(TestWorkflowMutableStateImpl.java:1246)
	at com.uber.cadence.internal.testservice.TestWorkflowMutableStateImpl.update(TestWorkflowMutableStateImpl.java:231)
	at com.uber.cadence.internal.testservice.TestWorkflowMutableStateImpl.completeDecisionUpdate(TestWorkflowMutableStateImpl.java:220)
	at com.uber.cadence.internal.testservice.TestWorkflowMutableStateImpl.timeoutDecisionTask(TestWorkflowMutableStateImpl.java:749)
	at com.uber.cadence.internal.testservice.TestWorkflowMutableStateImpl.lambda$startDecisionTask$0(TestWorkflowMutableStateImpl.java:320)
	at com.uber.cadence.internal.testservice.SelfAdvancingTimerImpl$TimerPump.lambda$runLocked$0(SelfAdvancingTimerImpl.java:99)
	at java.base/java.util.concurrent.ThreadPoolExecutor.runWorker(ThreadPoolExecutor.java:1128)
	at java.base/java.util.concurrent.ThreadPoolExecutor$Worker.run(ThreadPoolExecutor.java:628)
	at java.base/java.lang.Thread.run(Thread.java:829)
21:40:24.897 [Timer task] ERROR c.u.c.i.t.TestWorkflowMutableStateImpl - Failure trying to timeout a decision scheduledEventId=90
com.uber.cadence.WorkflowExecutionAlreadyCompletedError: Workflow is already completed: CONTINUED_AS_NEW
	at com.uber.cadence.internal.testservice.TestWorkflowMutableStateImpl.checkCompleted(TestWorkflowMutableStateImpl.java:1246)
	at com.uber.cadence.internal.testservice.TestWorkflowMutableStateImpl.update(TestWorkflowMutableStateImpl.java:231)
	at com.uber.cadence.internal.testservice.TestWorkflowMutableStateImpl.completeDecisionUpdate(TestWorkflowMutableStateImpl.java:220)
	at com.uber.cadence.internal.testservice.TestWorkflowMutableStateImpl.timeoutDecisionTask(TestWorkflowMutableStateImpl.java:749)
	at com.uber.cadence.internal.testservice.TestWorkflowMutableStateImpl.lambda$startDecisionTask$0(TestWorkflowMutableStateImpl.java:320)
	at com.uber.cadence.internal.testservice.SelfAdvancingTimerImpl$TimerPump.lambda$runLocked$0(SelfAdvancingTimerImpl.java:99)
	at java.base/java.util.concurrent.ThreadPoolExecutor.runWorker(ThreadPoolExecutor.java:1128)
	at java.base/java.util.concurrent.ThreadPoolExecutor$Worker.run(ThreadPoolExecutor.java:628)
	at java.base/java.lang.Thread.run(Thread.java:829)
21:40:24.898 [Timer task] ERROR c.u.c.i.t.TestWorkflowMutableStateImpl - Failure trying to timeout a decision scheduledEventId=107
com.uber.cadence.WorkflowExecutionAlreadyCompletedError: Workflow is already completed: CONTINUED_AS_NEW
	at com.uber.cadence.internal.testservice.TestWorkflowMutableStateImpl.checkCompleted(TestWorkflowMutableStateImpl.java:1246)
	at com.uber.cadence.internal.testservice.TestWorkflowMutableStateImpl.update(TestWorkflowMutableStateImpl.java:231)
	at com.uber.cadence.internal.testservice.TestWorkflowMutableStateImpl.completeDecisionUpdate(TestWorkflowMutableStateImpl.java:220)
	at com.uber.cadence.internal.testservice.TestWorkflowMutableStateImpl.timeoutDecisionTask(TestWorkflowMutableStateImpl.java:749)
	at com.uber.cadence.internal.testservice.TestWorkflowMutableStateImpl.lambda$startDecisionTask$0(TestWorkflowMutableStateImpl.java:320)
	at com.uber.cadence.internal.testservice.SelfAdvancingTimerImpl$TimerPump.lambda$runLocked$0(SelfAdvancingTimerImpl.java:99)
	at java.base/java.util.concurrent.ThreadPoolExecutor.runWorker(ThreadPoolExecutor.java:1128)
	at java.base/java.util.concurrent.ThreadPoolExecutor$Worker.run(ThreadPoolExecutor.java:628)
	at java.base/java.lang.Thread.run(Thread.java:829)
21:40:24.898 [Timer task] ERROR c.u.c.i.t.TestWorkflowMutableStateImpl - Failure trying to timeout a decision scheduledEventId=101
com.uber.cadence.WorkflowExecutionAlreadyCompletedError: Workflow is already completed: CONTINUED_AS_NEW
	at com.uber.cadence.internal.testservice.TestWorkflowMutableStateImpl.checkCompleted(TestWorkflowMutableStateImpl.java:1246)
	at com.uber.cadence.internal.testservice.TestWorkflowMutableStateImpl.update(TestWorkflowMutableStateImpl.java:231)
	at com.uber.cadence.internal.testservice.TestWorkflowMutableStateImpl.completeDecisionUpdate(TestWorkflowMutableStateImpl.java:220)
	at com.uber.cadence.internal.testservice.TestWorkflowMutableStateImpl.timeoutDecisionTask(TestWorkflowMutableStateImpl.java:749)
	at com.uber.cadence.internal.testservice.TestWorkflowMutableStateImpl.lambda$startDecisionTask$0(TestWorkflowMutableStateImpl.java:320)
	at com.uber.cadence.internal.testservice.SelfAdvancingTimerImpl$TimerPump.lambda$runLocked$0(SelfAdvancingTimerImpl.java:99)
	at java.base/java.util.concurrent.ThreadPoolExecutor.runWorker(ThreadPoolExecutor.java:1128)
	at java.base/java.util.concurrent.ThreadPoolExecutor$Worker.run(ThreadPoolExecutor.java:628)
	at java.base/java.lang.Thread.run(Thread.java:829)
21:40:24.899 [Time-limited test] INFO  c.uber.cadence.worker.WorkerFactory - shutdownNow
]]></system-out>
  <system-err><![CDATA[]]></system-err>
</testsuite>
